[I 2024-02-22 21:32:26,939] Trial 692 finished with value: 0.23604060913705585 and parameters: {'max_depth': 473, 'n_estimators': 167}. Best is trial 535 with value: 0.3147208121827411.
[I 2024-02-22 21:32:29,018] Trial 711 finished with value: 0.22842639593908629 and parameters: {'max_depth': 1, 'n_estimators': 224}. Best is trial 535 with value: 0.3147208121827411.
[I 2024-02-22 21:32:40,670] Trial 699 finished with value: 0.23857868020304568 and parameters: {'max_depth': 33, 'n_estimators': 142}. Best is trial 535 with value: 0.3147208121827411.
[I 2024-02-22 21:32:43,219] Trial 691 finished with value: 0.2436548223350254 and parameters: {'max_depth': 51, 'n_estimators': 251}. Best is trial 535 with value: 0.3147208121827411.
[I 2024-02-22 21:32:46,811] Trial 694 finished with value: 0.23857868020304568 and parameters: {'max_depth': 59, 'n_estimators': 174}. Best is trial 535 with value: 0.3147208121827411.
[I 2024-02-22 21:33:14,754] Trial 709 finished with value: 0.2436548223350254 and parameters: {'max_depth': 6, 'n_estimators': 199}. Best is trial 535 with value: 0.3147208121827411.
[I 2024-02-22 21:33:44,800] Trial 714 finished with value: 0.23857868020304568 and parameters: {'max_depth': 16, 'n_estimators': 179}. Best is trial 535 with value: 0.3147208121827411.
[I 2024-02-22 21:35:01,717] Trial 715 finished with value: 0.23857868020304568 and parameters: {'max_depth': 884, 'n_estimators': 447}. Best is trial 535 with value: 0.3147208121827411.
[I 2024-02-22 21:35:06,587] Trial 717 finished with value: 0.23857868020304568 and parameters: {'max_depth': 886, 'n_estimators': 405}. Best is trial 535 with value: 0.3147208121827411.
[I 2024-02-22 21:35:11,569] Trial 716 finished with value: 0.23857868020304568 and parameters: {'max_depth': 896, 'n_estimators': 435}. Best is trial 535 with value: 0.3147208121827411.
[I 2024-02-22 21:35:29,626] Trial 719 finished with value: 0.23604060913705585 and parameters: {'max_depth': 914, 'n_estimators': 440}. Best is trial 535 with value: 0.3147208121827411.
[I 2024-02-22 21:35:38,228] Trial 721 finished with value: 0.23857868020304568 and parameters: {'max_depth': 950, 'n_estimators': 439}. Best is trial 535 with value: 0.3147208121827411.
[I 2024-02-22 21:35:54,160] Trial 722 finished with value: 0.23604060913705585 and parameters: {'max_depth': 18, 'n_estimators': 457}. Best is trial 535 with value: 0.3147208121827411.
[I 2024-02-22 21:36:23,539] Trial 724 finished with value: 0.23857868020304568 and parameters: {'max_depth': 19, 'n_estimators': 502}. Best is trial 535 with value: 0.3147208121827411.
[I 2024-02-22 21:36:25,186] Trial 725 finished with value: 0.23857868020304568 and parameters: {'max_depth': 879, 'n_estimators': 432}. Best is trial 535 with value: 0.3147208121827411.
[I 2024-02-22 21:36:57,862] Trial 712 finished with value: 0.19796954314720813 and parameters: {'max_depth': 1, 'n_estimators': 1417}. Best is trial 535 with value: 0.3147208121827411.
[I 2024-02-22 21:37:13,537] Trial 726 finished with value: 0.23604060913705585 and parameters: {'max_depth': 929, 'n_estimators': 475}. Best is trial 535 with value: 0.3147208121827411.
[I 2024-02-22 21:37:20,011] Trial 733 finished with value: 0.25888324873096447 and parameters: {'max_depth': 933, 'n_estimators': 44}. Best is trial 535 with value: 0.3147208121827411.
[I 2024-02-22 21:37:32,856] Trial 723 finished with value: 0.24111675126903553 and parameters: {'max_depth': 894, 'n_estimators': 735}. Best is trial 535 with value: 0.3147208121827411.
[I 2024-02-22 21:38:29,087] Trial 696 finished with value: 0.2131979695431472 and parameters: {'max_depth': 1, 'n_estimators': 2193}. Best is trial 535 with value: 0.3147208121827411.
[I 2024-02-22 21:39:03,469] Trial 728 finished with value: 0.24111675126903553 and parameters: {'max_depth': 21, 'n_estimators': 623}. Best is trial 535 with value: 0.3147208121827411.
[I 2024-02-22 21:39:09,726] Trial 727 finished with value: 0.24111675126903553 and parameters: {'max_depth': 908, 'n_estimators': 701}. Best is trial 535 with value: 0.3147208121827411.
[I 2024-02-22 21:39:29,797] Trial 741 finished with value: 0.20050761421319796 and parameters: {'max_depth': 942, 'n_estimators': 7}. Best is trial 535 with value: 0.3147208121827411.
[I 2024-02-22 21:39:52,891] Trial 742 finished with value: 0.21573604060913706 and parameters: {'max_depth': 976, 'n_estimators': 11}. Best is trial 535 with value: 0.3147208121827411.
[I 2024-02-22 21:40:03,216] Trial 730 finished with value: 0.24111675126903553 and parameters: {'max_depth': 969, 'n_estimators': 756}. Best is trial 535 with value: 0.3147208121827411.
[I 2024-02-22 21:40:04,505] Trial 732 finished with value: 0.24111675126903553 and parameters: {'max_depth': 949, 'n_estimators': 705}. Best is trial 535 with value: 0.3147208121827411.
[I 2024-02-22 21:40:11,183] Trial 734 finished with value: 0.24111675126903553 and parameters: {'max_depth': 29, 'n_estimators': 670}. Best is trial 535 with value: 0.3147208121827411.
[I 2024-02-22 21:40:21,630] Trial 743 finished with value: 0.2436548223350254 and parameters: {'max_depth': 962, 'n_estimators': 15}. Best is trial 535 with value: 0.3147208121827411.
[I 2024-02-22 21:40:26,664] Trial 745 finished with value: 0.20812182741116753 and parameters: {'max_depth': 998, 'n_estimators': 8}. Best is trial 535 with value: 0.3147208121827411.
[I 2024-02-22 21:41:01,850] Trial 746 finished with value: 0.2563451776649746 and parameters: {'max_depth': 790, 'n_estimators': 42}. Best is trial 535 with value: 0.3147208121827411.
[I 2024-02-22 21:41:19,375] Trial 720 finished with value: 0.24111675126903553 and parameters: {'max_depth': 826, 'n_estimators': 2223}. Best is trial 535 with value: 0.3147208121827411.
[I 2024-02-22 21:41:19,845] Trial 749 finished with value: 0.18274111675126903 and parameters: {'max_depth': 825, 'n_estimators': 5}. Best is trial 535 with value: 0.3147208121827411.
[I 2024-02-22 21:41:36,967] Trial 744 finished with value: 0.2436548223350254 and parameters: {'max_depth': 957, 'n_estimators': 136}. Best is trial 535 with value: 0.3147208121827411.
[I 2024-02-22 21:41:50,498] Trial 752 finished with value: 0.1649746192893401 and parameters: {'max_depth': 863, 'n_estimators': 3}. Best is trial 535 with value: 0.3147208121827411.
[I 2024-02-22 21:42:04,174] Trial 753 finished with value: 0.1649746192893401 and parameters: {'max_depth': 934, 'n_estimators': 3}. Best is trial 535 with value: 0.3147208121827411.
[I 2024-02-22 21:42:49,415] Trial 748 finished with value: 0.24619289340101522 and parameters: {'max_depth': 946, 'n_estimators': 334}. Best is trial 535 with value: 0.3147208121827411.
[I 2024-02-22 21:43:30,860] Trial 750 finished with value: 0.24111675126903553 and parameters: {'max_depth': 799, 'n_estimators': 291}. Best is trial 535 with value: 0.3147208121827411.
[I 2024-02-22 21:44:24,617] Trial 754 finished with value: 0.2436548223350254 and parameters: {'max_depth': 810, 'n_estimators': 315}. Best is trial 535 with value: 0.3147208121827411.
[I 2024-02-22 21:44:52,493] Trial 736 finished with value: 0.24111675126903553 and parameters: {'max_depth': 968, 'n_estimators': 2137}. Best is trial 535 with value: 0.3147208121827411.
[I 2024-02-22 21:45:01,141] Trial 755 finished with value: 0.2436548223350254 and parameters: {'max_depth': 847, 'n_estimators': 326}. Best is trial 535 with value: 0.3147208121827411.
[I 2024-02-22 21:45:33,732] Trial 756 finished with value: 0.24111675126903553 and parameters: {'max_depth': 818, 'n_estimators': 278}. Best is trial 535 with value: 0.3147208121827411.
[I 2024-02-22 21:51:12,793] Trial 710 finished with value: 0.24111675126903553 and parameters: {'max_depth': 18, 'n_estimators': 7048}. Best is trial 535 with value: 0.3147208121827411.
[I 2024-02-22 21:54:23,399] Trial 729 finished with value: 0.24111675126903553 and parameters: {'max_depth': 944, 'n_estimators': 7053}. Best is trial 535 with value: 0.3147208121827411.
[I 2024-02-22 21:55:30,672] Trial 713 finished with value: 0.24111675126903553 and parameters: {'max_depth': 815, 'n_estimators': 9082}. Best is trial 535 with value: 0.3147208121827411.
[I 2024-02-22 21:55:33,664] Trial 735 finished with value: 0.24111675126903553 and parameters: {'max_depth': 954, 'n_estimators': 7075}. Best is trial 535 with value: 0.3147208121827411.
[I 2024-02-22 21:55:42,381] Trial 762 finished with value: 0.24619289340101522 and parameters: {'max_depth': 31, 'n_estimators': 135}. Best is trial 535 with value: 0.3147208121827411.
[I 2024-02-22 21:55:48,129] Trial 764 finished with value: 0.1649746192893401 and parameters: {'max_depth': 913, 'n_estimators': 3}. Best is trial 535 with value: 0.3147208121827411.
[I 2024-02-22 21:55:55,248] Trial 737 finished with value: 0.24111675126903553 and parameters: {'max_depth': 938, 'n_estimators': 7070}. Best is trial 535 with value: 0.3147208121827411.
[I 2024-02-22 21:55:59,396] Trial 763 finished with value: 0.2436548223350254 and parameters: {'max_depth': 783, 'n_estimators': 15}. Best is trial 535 with value: 0.3147208121827411.
[I 2024-02-22 21:55:59,520] Trial 718 finished with value: 0.24111675126903553 and parameters: {'max_depth': 18, 'n_estimators': 9079}. Best is trial 535 with value: 0.3147208121827411.
[I 2024-02-22 21:56:24,065] Trial 738 finished with value: 0.24111675126903553 and parameters: {'max_depth': 979, 'n_estimators': 7019}. Best is trial 535 with value: 0.3147208121827411.
[I 2024-02-22 21:57:37,869] Trial 765 finished with value: 0.2436548223350254 and parameters: {'max_depth': 756, 'n_estimators': 203}. Best is trial 535 with value: 0.3147208121827411.
[I 2024-02-22 21:57:46,457] Trial 767 finished with value: 0.2436548223350254 and parameters: {'max_depth': 30, 'n_estimators': 195}. Best is trial 535 with value: 0.3147208121827411.
[I 2024-02-22 21:57:49,956] Trial 768 finished with value: 0.2436548223350254 and parameters: {'max_depth': 762, 'n_estimators': 205}. Best is trial 535 with value: 0.3147208121827411.
[I 2024-02-22 21:57:52,171] Trial 769 finished with value: 0.2436548223350254 and parameters: {'max_depth': 779, 'n_estimators': 216}. Best is trial 535 with value: 0.3147208121827411.
[I 2024-02-22 21:58:20,986] Trial 774 finished with value: 0.2436548223350254 and parameters: {'max_depth': 33, 'n_estimators': 15}. Best is trial 535 with value: 0.3147208121827411.
[I 2024-02-22 21:58:26,855] Trial 770 finished with value: 0.24111675126903553 and parameters: {'max_depth': 861, 'n_estimators': 236}. Best is trial 535 with value: 0.3147208121827411.
[I 2024-02-22 21:58:41,029] Trial 731 finished with value: 0.24111675126903553 and parameters: {'max_depth': 831, 'n_estimators': 9055}. Best is trial 535 with value: 0.3147208121827411.
[I 2024-02-22 21:59:10,148] Trial 740 finished with value: 0.24111675126903553 and parameters: {'max_depth': 929, 'n_estimators': 7756}. Best is trial 535 with value: 0.3147208121827411.
[I 2024-02-22 21:59:57,784] Trial 747 finished with value: 0.24111675126903553 and parameters: {'max_depth': 982, 'n_estimators': 7783}. Best is trial 535 with value: 0.3147208121827411.
[I 2024-02-22 22:00:09,134] Trial 773 finished with value: 0.24111675126903553 and parameters: {'max_depth': 852, 'n_estimators': 355}. Best is trial 535 with value: 0.3147208121827411.
[I 2024-02-22 22:00:23,749] Trial 751 finished with value: 0.24111675126903553 and parameters: {'max_depth': 967, 'n_estimators': 7767}. Best is trial 535 with value: 0.3147208121827411.
[I 2024-02-22 22:00:41,032] Trial 775 finished with value: 0.2436548223350254 and parameters: {'max_depth': 851, 'n_estimators': 380}. Best is trial 535 with value: 0.3147208121827411.
[I 2024-02-22 22:00:50,100] Trial 776 finished with value: 0.2436548223350254 and parameters: {'max_depth': 706, 'n_estimators': 375}. Best is trial 535 with value: 0.3147208121827411.
[I 2024-02-22 22:00:56,168] Trial 777 finished with value: 0.2436548223350254 and parameters: {'max_depth': 35, 'n_estimators': 365}. Best is trial 535 with value: 0.3147208121827411.
[I 2024-02-22 22:01:09,848] Trial 782 finished with value: 0.23096446700507614 and parameters: {'max_depth': 20, 'n_estimators': 18}. Best is trial 535 with value: 0.3147208121827411.
[I 2024-02-22 22:01:43,429] Trial 739 finished with value: 0.24111675126903553 and parameters: {'max_depth': 944, 'n_estimators': 9134}. Best is trial 535 with value: 0.3147208121827411.
[I 2024-02-22 22:02:02,229] Trial 786 finished with value: 0.20812182741116753 and parameters: {'max_depth': 18, 'n_estimators': 8}. Best is trial 535 with value: 0.3147208121827411.
[I 2024-02-22 22:02:22,262] Trial 779 finished with value: 0.23857868020304568 and parameters: {'max_depth': 20, 'n_estimators': 421}. Best is trial 535 with value: 0.3147208121827411.
[I 2024-02-22 22:02:36,002] Trial 781 finished with value: 0.2436548223350254 and parameters: {'max_depth': 20, 'n_estimators': 377}. Best is trial 535 with value: 0.3147208121827411.
[I 2024-02-22 22:02:57,476] Trial 787 finished with value: 0.23604060913705585 and parameters: {'max_depth': 2, 'n_estimators': 182}. Best is trial 535 with value: 0.3147208121827411.
[I 2024-02-22 22:02:59,926] Trial 789 finished with value: 0.21573604060913706 and parameters: {'max_depth': 36, 'n_estimators': 11}. Best is trial 535 with value: 0.3147208121827411.
[I 2024-02-22 22:04:13,208] Trial 758 finished with value: 0.24111675126903553 and parameters: {'max_depth': 756, 'n_estimators': 7781}. Best is trial 535 with value: 0.3147208121827411.
[I 2024-02-22 22:06:42,301] Trial 759 finished with value: 0.24111675126903553 and parameters: {'max_depth': 924, 'n_estimators': 9041}. Best is trial 535 with value: 0.3147208121827411.
[I 2024-02-22 22:06:58,773] Trial 778 finished with value: 0.24111675126903553 and parameters: {'max_depth': 18, 'n_estimators': 2719}. Best is trial 535 with value: 0.3147208121827411.
[I 2024-02-22 22:06:59,313] Trial 793 finished with value: 0.20050761421319796 and parameters: {'max_depth': 16, 'n_estimators': 7}. Best is trial 535 with value: 0.3147208121827411.
[I 2024-02-22 22:07:29,935] Trial 794 finished with value: 0.2233502538071066 and parameters: {'max_depth': 1, 'n_estimators': 202}. Best is trial 535 with value: 0.3147208121827411.
[I 2024-02-22 22:08:01,713] Trial 760 finished with value: 0.24111675126903553 and parameters: {'max_depth': 928, 'n_estimators': 9067}. Best is trial 535 with value: 0.3147208121827411.
[I 2024-02-22 22:08:15,229] Trial 757 finished with value: 0.24111675126903553 and parameters: {'max_depth': 916, 'n_estimators': 9690}. Best is trial 535 with value: 0.3147208121827411.
[I 2024-02-22 22:11:19,836] Trial 797 finished with value: 0.23857868020304568 and parameters: {'max_depth': 997, 'n_estimators': 603}. Best is trial 535 with value: 0.3147208121827411.
[I 2024-02-22 22:11:22,788] Trial 798 finished with value: 0.24111675126903553 and parameters: {'max_depth': 35, 'n_estimators': 556}. Best is trial 535 with value: 0.3147208121827411.
[I 2024-02-22 22:11:58,502] Trial 800 finished with value: 0.23096446700507614 and parameters: {'max_depth': 1, 'n_estimators': 213}. Best is trial 535 with value: 0.3147208121827411.
[I 2024-02-22 22:12:54,617] Trial 799 finished with value: 0.2436548223350254 and parameters: {'max_depth': 37, 'n_estimators': 209}. Best is trial 535 with value: 0.3147208121827411.
[I 2024-02-22 22:13:15,837] Trial 761 finished with value: 0.24111675126903553 and parameters: {'max_depth': 32, 'n_estimators': 9091}. Best is trial 535 with value: 0.3147208121827411.
[I 2024-02-22 22:13:35,265] Trial 801 finished with value: 0.2436548223350254 and parameters: {'max_depth': 42, 'n_estimators': 196}. Best is trial 535 with value: 0.3147208121827411.
[I 2024-02-22 22:13:35,749] Trial 803 finished with value: 0.20812182741116753 and parameters: {'max_depth': 41, 'n_estimators': 8}. Best is trial 535 with value: 0.3147208121827411.
[I 2024-02-22 22:14:22,752] Trial 802 finished with value: 0.24111675126903553 and parameters: {'max_depth': 42, 'n_estimators': 170}. Best is trial 535 with value: 0.3147208121827411.
[I 2024-02-22 22:15:01,478] Trial 804 finished with value: 0.20812182741116753 and parameters: {'max_depth': 1, 'n_estimators': 557}. Best is trial 535 with value: 0.3147208121827411.
[I 2024-02-22 22:15:45,711] Trial 806 finished with value: 0.20812182741116753 and parameters: {'max_depth': 1, 'n_estimators': 539}. Best is trial 535 with value: 0.3147208121827411.
[I 2024-02-22 22:16:27,075] Trial 772 finished with value: 0.24111675126903553 and parameters: {'max_depth': 843, 'n_estimators': 7794}. Best is trial 535 with value: 0.3147208121827411.
[I 2024-02-22 22:16:36,675] Trial 771 finished with value: 0.24111675126903553 and parameters: {'max_depth': 848, 'n_estimators': 7802}. Best is trial 535 with value: 0.3147208121827411.
[I 2024-02-22 22:17:13,244] Trial 807 finished with value: 0.24111675126903553 and parameters: {'max_depth': 879, 'n_estimators': 366}. Best is trial 535 with value: 0.3147208121827411.
[I 2024-02-22 22:18:33,369] Trial 810 finished with value: 0.24619289340101522 and parameters: {'max_depth': 21, 'n_estimators': 305}. Best is trial 535 with value: 0.3147208121827411.
[I 2024-02-22 22:18:39,052] Trial 811 finished with value: 0.24111675126903553 and parameters: {'max_depth': 727, 'n_estimators': 172}. Best is trial 535 with value: 0.3147208121827411.
[I 2024-02-22 22:19:04,729] Trial 766 finished with value: 0.24111675126903553 and parameters: {'max_depth': 858, 'n_estimators': 9736}. Best is trial 535 with value: 0.3147208121827411.
[I 2024-02-22 22:19:08,809] Trial 814 finished with value: 0.29441624365482233 and parameters: {'max_depth': 1, 'n_estimators': 7}. Best is trial 535 with value: 0.3147208121827411.
[I 2024-02-22 22:20:07,741] Trial 812 finished with value: 0.23857868020304568 and parameters: {'max_depth': 17, 'n_estimators': 178}. Best is trial 535 with value: 0.3147208121827411.
[I 2024-02-22 22:20:43,207] Trial 815 finished with value: 0.23857868020304568 and parameters: {'max_depth': 17, 'n_estimators': 174}. Best is trial 535 with value: 0.3147208121827411.
[I 2024-02-22 22:21:23,889] Trial 780 finished with value: 0.20558375634517767 and parameters: {'max_depth': 1, 'n_estimators': 9732}. Best is trial 535 with value: 0.3147208121827411.
[I 2024-02-22 22:22:22,541] Trial 784 finished with value: 0.20558375634517767 and parameters: {'max_depth': 1, 'n_estimators': 9795}. Best is trial 535 with value: 0.3147208121827411.
[I 2024-02-22 22:22:24,654] Trial 816 finished with value: 0.24111675126903553 and parameters: {'max_depth': 16, 'n_estimators': 346}. Best is trial 535 with value: 0.3147208121827411.
[I 2024-02-22 22:22:34,409] Trial 819 finished with value: 0.14974619289340102 and parameters: {'max_depth': 37, 'n_estimators': 2}. Best is trial 535 with value: 0.3147208121827411.
[I 2024-02-22 22:22:37,026] Trial 817 finished with value: 0.24111675126903553 and parameters: {'max_depth': 2, 'n_estimators': 415}. Best is trial 535 with value: 0.3147208121827411.
[I 2024-02-22 22:23:04,748] Trial 822 finished with value: 0.23096446700507614 and parameters: {'max_depth': 37, 'n_estimators': 13}. Best is trial 535 with value: 0.3147208121827411.
[I 2024-02-22 22:23:42,561] Trial 783 finished with value: 0.20558375634517767 and parameters: {'max_depth': 1, 'n_estimators': 9768}. Best is trial 535 with value: 0.3147208121827411.
[I 2024-02-22 22:23:48,072] Trial 818 finished with value: 0.24111675126903553 and parameters: {'max_depth': 37, 'n_estimators': 385}. Best is trial 535 with value: 0.3147208121827411.
[I 2024-02-22 22:23:56,617] Trial 785 finished with value: 0.24111675126903553 and parameters: {'max_depth': 17, 'n_estimators': 9787}. Best is trial 535 with value: 0.3147208121827411.
[I 2024-02-22 22:24:02,028] Trial 824 finished with value: 0.20558375634517767 and parameters: {'max_depth': 21, 'n_estimators': 6}. Best is trial 535 with value: 0.3147208121827411.
[I 2024-02-22 22:24:18,352] Trial 788 finished with value: 0.24111675126903553 and parameters: {'max_depth': 36, 'n_estimators': 9690}. Best is trial 535 with value: 0.3147208121827411.
[I 2024-02-22 22:24:55,758] Trial 791 finished with value: 0.24111675126903553 and parameters: {'max_depth': 38, 'n_estimators': 9749}. Best is trial 535 with value: 0.3147208121827411.
[I 2024-02-22 22:25:33,692] Trial 820 finished with value: 0.23857868020304568 and parameters: {'max_depth': 41, 'n_estimators': 514}. Best is trial 535 with value: 0.3147208121827411.
[I 2024-02-22 22:25:44,039] Trial 790 finished with value: 0.24111675126903553 and parameters: {'max_depth': 919, 'n_estimators': 9669}. Best is trial 535 with value: 0.3147208121827411.
[I 2024-02-22 22:25:46,887] Trial 821 finished with value: 0.24111675126903553 and parameters: {'max_depth': 37, 'n_estimators': 562}. Best is trial 535 with value: 0.3147208121827411.
[I 2024-02-22 22:27:00,013] Trial 792 finished with value: 0.24111675126903553 and parameters: {'max_depth': 39, 'n_estimators': 9653}. Best is trial 535 with value: 0.3147208121827411.
[I 2024-02-22 22:27:12,166] Trial 823 finished with value: 0.24111675126903553 and parameters: {'max_depth': 794, 'n_estimators': 801}. Best is trial 535 with value: 0.3147208121827411.
[I 2024-02-22 22:27:44,989] Trial 825 finished with value: 0.24111675126903553 and parameters: {'max_depth': 27, 'n_estimators': 790}. Best is trial 535 with value: 0.3147208121827411.
[I 2024-02-22 22:27:48,101] Trial 835 finished with value: 0.31218274111675126 and parameters: {'max_depth': 1, 'n_estimators': 10}. Best is trial 535 with value: 0.3147208121827411.
[I 2024-02-22 22:27:49,799] Trial 836 finished with value: 0.24111675126903553 and parameters: {'max_depth': 1, 'n_estimators': 1}. Best is trial 535 with value: 0.3147208121827411.
