[I 2024-02-22 19:06:36,820] Trial 363 finished with value: 0.2436548223350254 and parameters: {'max_depth': 20, 'n_estimators': 16}. Best is trial 44 with value: 0.2614213197969543.
[I 2024-02-22 19:07:33,334] Trial 361 finished with value: 0.2436548223350254 and parameters: {'max_depth': 183, 'n_estimators': 328}. Best is trial 44 with value: 0.2614213197969543.
[I 2024-02-22 19:08:17,843] Trial 306 finished with value: 0.24111675126903553 and parameters: {'max_depth': 43, 'n_estimators': 9441}. Best is trial 44 with value: 0.2614213197969543.
[I 2024-02-22 19:08:31,759] Trial 365 finished with value: 0.21065989847715735 and parameters: {'max_depth': 1, 'n_estimators': 710}. Best is trial 44 with value: 0.2614213197969543.
[I 2024-02-22 19:08:57,179] Trial 351 finished with value: 0.24111675126903553 and parameters: {'max_depth': 101, 'n_estimators': 2447}. Best is trial 44 with value: 0.2614213197969543.
[I 2024-02-22 19:11:49,539] Trial 358 finished with value: 0.24111675126903553 and parameters: {'max_depth': 183, 'n_estimators': 2433}. Best is trial 44 with value: 0.2614213197969543.
[I 2024-02-22 19:13:35,189] Trial 355 finished with value: 0.20558375634517767 and parameters: {'max_depth': 1, 'n_estimators': 4064}. Best is trial 44 with value: 0.2614213197969543.
[I 2024-02-22 19:14:24,770] Trial 325 finished with value: 0.24111675126903553 and parameters: {'max_depth': 108, 'n_estimators': 8367}. Best is trial 44 with value: 0.2614213197969543.
[I 2024-02-22 19:14:31,258] Trial 328 finished with value: 0.24111675126903553 and parameters: {'max_depth': 690, 'n_estimators': 8386}. Best is trial 44 with value: 0.2614213197969543.
[I 2024-02-22 19:15:38,068] Trial 359 finished with value: 0.24111675126903553 and parameters: {'max_depth': 10, 'n_estimators': 4160}. Best is trial 44 with value: 0.2614213197969543.
[I 2024-02-22 19:16:45,931] Trial 340 finished with value: 0.24111675126903553 and parameters: {'max_depth': 89, 'n_estimators': 8361}. Best is trial 44 with value: 0.2614213197969543.
[I 2024-02-22 19:17:20,835] Trial 349 finished with value: 0.23096446700507614 and parameters: {'max_depth': 2, 'n_estimators': 6831}. Best is trial 44 with value: 0.2614213197969543.
[I 2024-02-22 19:18:14,481] Trial 375 finished with value: 0.23857868020304568 and parameters: {'max_depth': 724, 'n_estimators': 183}. Best is trial 44 with value: 0.2614213197969543.
[I 2024-02-22 19:18:17,672] Trial 367 finished with value: 0.20558375634517767 and parameters: {'max_depth': 1, 'n_estimators': 4163}. Best is trial 44 with value: 0.2614213197969543.
[I 2024-02-22 19:19:32,603] Trial 377 finished with value: 0.23604060913705585 and parameters: {'max_depth': 842, 'n_estimators': 129}. Best is trial 44 with value: 0.2614213197969543.
[I 2024-02-22 19:19:34,090] Trial 369 finished with value: 0.24111675126903553 and parameters: {'max_depth': 54, 'n_estimators': 4066}. Best is trial 44 with value: 0.2614213197969543.
[I 2024-02-22 19:20:13,796] Trial 380 finished with value: 0.25380710659898476 and parameters: {'max_depth': 36, 'n_estimators': 34}. Best is trial 44 with value: 0.2614213197969543.
[I 2024-02-22 19:20:26,934] Trial 381 finished with value: 0.14974619289340102 and parameters: {'max_depth': 37, 'n_estimators': 2}. Best is trial 44 with value: 0.2614213197969543.
[I 2024-02-22 19:21:58,821] Trial 362 finished with value: 0.20558375634517767 and parameters: {'max_depth': 1, 'n_estimators': 6872}. Best is trial 44 with value: 0.2614213197969543.
[I 2024-02-22 19:23:46,110] Trial 379 finished with value: 0.24111675126903553 and parameters: {'max_depth': 524, 'n_estimators': 983}. Best is trial 44 with value: 0.2614213197969543.
[I 2024-02-22 19:24:05,263] Trial 384 finished with value: 0.20050761421319796 and parameters: {'max_depth': 63, 'n_estimators': 7}. Best is trial 44 with value: 0.2614213197969543.
[I 2024-02-22 19:24:42,538] Trial 374 finished with value: 0.24111675126903553 and parameters: {'max_depth': 62, 'n_estimators': 3136}. Best is trial 44 with value: 0.2614213197969543.
[I 2024-02-22 19:24:47,844] Trial 352 finished with value: 0.24111675126903553 and parameters: {'max_depth': 100, 'n_estimators': 9410}. Best is trial 44 with value: 0.2614213197969543.
[I 2024-02-22 19:26:10,571] Trial 353 finished with value: 0.24111675126903553 and parameters: {'max_depth': 91, 'n_estimators': 9399}. Best is trial 44 with value: 0.2614213197969543.
[I 2024-02-22 19:26:12,913] Trial 356 finished with value: 0.24111675126903553 and parameters: {'max_depth': 850, 'n_estimators': 9283}. Best is trial 44 with value: 0.2614213197969543.
[I 2024-02-22 19:26:54,623] Trial 386 finished with value: 0.2436548223350254 and parameters: {'max_depth': 32, 'n_estimators': 321}. Best is trial 44 with value: 0.2614213197969543.
[I 2024-02-22 19:26:55,191] Trial 372 finished with value: 0.24111675126903553 and parameters: {'max_depth': 762, 'n_estimators': 4623}. Best is trial 44 with value: 0.2614213197969543.
[I 2024-02-22 19:26:55,721] Trial 387 finished with value: 0.2436548223350254 and parameters: {'max_depth': 37, 'n_estimators': 308}. Best is trial 44 with value: 0.2614213197969543.
[I 2024-02-22 19:27:04,538] Trial 391 finished with value: 0.12690355329949238 and parameters: {'max_depth': 33, 'n_estimators': 1}. Best is trial 44 with value: 0.2614213197969543.
[I 2024-02-22 19:28:24,399] Trial 364 finished with value: 0.24111675126903553 and parameters: {'max_depth': 21, 'n_estimators': 9405}. Best is trial 44 with value: 0.2614213197969543.
[I 2024-02-22 19:28:25,961] Trial 389 finished with value: 0.2436548223350254 and parameters: {'max_depth': 34, 'n_estimators': 308}. Best is trial 44 with value: 0.2614213197969543.
[I 2024-02-22 19:28:27,735] Trial 388 finished with value: 0.24111675126903553 and parameters: {'max_depth': 772, 'n_estimators': 316}. Best is trial 44 with value: 0.2614213197969543.
[I 2024-02-22 19:28:51,262] Trial 390 finished with value: 0.2436548223350254 and parameters: {'max_depth': 141, 'n_estimators': 255}. Best is trial 44 with value: 0.2614213197969543.
[I 2024-02-22 19:30:04,360] Trial 396 finished with value: 0.24111675126903553 and parameters: {'max_depth': 150, 'n_estimators': 172}. Best is trial 44 with value: 0.2614213197969543.
[I 2024-02-22 19:30:23,719] Trial 366 finished with value: 0.24111675126903553 and parameters: {'max_depth': 55, 'n_estimators': 9251}. Best is trial 44 with value: 0.2614213197969543.
[I 2024-02-22 19:30:37,770] Trial 392 finished with value: 0.24111675126903553 and parameters: {'max_depth': 23, 'n_estimators': 696}. Best is trial 44 with value: 0.2614213197969543.
[I 2024-02-22 19:31:07,712] Trial 368 finished with value: 0.24111675126903553 and parameters: {'max_depth': 758, 'n_estimators': 9199}. Best is trial 44 with value: 0.2614213197969543.
[I 2024-02-22 19:31:08,027] Trial 370 finished with value: 0.24111675126903553 and parameters: {'max_depth': 844, 'n_estimators': 7647}. Best is trial 44 with value: 0.2614213197969543.
[I 2024-02-22 19:31:16,859] Trial 371 finished with value: 0.24111675126903553 and parameters: {'max_depth': 723, 'n_estimators': 6866}. Best is trial 44 with value: 0.2614213197969543.
[I 2024-02-22 19:32:13,690] Trial 395 finished with value: 0.24111675126903553 and parameters: {'max_depth': 146, 'n_estimators': 679}. Best is trial 44 with value: 0.2614213197969543.
[I 2024-02-22 19:32:16,364] Trial 394 finished with value: 0.24111675126903553 and parameters: {'max_depth': 65, 'n_estimators': 742}. Best is trial 44 with value: 0.2614213197969543.
[I 2024-02-22 19:33:31,638] Trial 400 finished with value: 0.23604060913705585 and parameters: {'max_depth': 72, 'n_estimators': 461}. Best is trial 44 with value: 0.2614213197969543.
[I 2024-02-22 19:33:35,624] Trial 373 finished with value: 0.24111675126903553 and parameters: {'max_depth': 58, 'n_estimators': 7611}. Best is trial 44 with value: 0.2614213197969543.
[I 2024-02-22 19:34:01,980] Trial 398 finished with value: 0.24111675126903553 and parameters: {'max_depth': 66, 'n_estimators': 668}. Best is trial 44 with value: 0.2614213197969543.
[I 2024-02-22 19:34:06,949] Trial 406 finished with value: 0.23857868020304568 and parameters: {'max_depth': 20, 'n_estimators': 17}. Best is trial 44 with value: 0.2614213197969543.
[I 2024-02-22 19:34:11,861] Trial 407 finished with value: 0.23857868020304568 and parameters: {'max_depth': 26, 'n_estimators': 17}. Best is trial 44 with value: 0.2614213197969543.
[I 2024-02-22 19:34:19,157] Trial 399 finished with value: 0.24111675126903553 and parameters: {'max_depth': 67, 'n_estimators': 626}. Best is trial 44 with value: 0.2614213197969543.
[I 2024-02-22 19:34:37,129] Trial 401 finished with value: 0.23604060913705585 and parameters: {'max_depth': 71, 'n_estimators': 527}. Best is trial 44 with value: 0.2614213197969543.
[I 2024-02-22 19:34:42,639] Trial 403 finished with value: 0.23857868020304568 and parameters: {'max_depth': 58, 'n_estimators': 508}. Best is trial 44 with value: 0.2614213197969543.
[I 2024-02-22 19:34:52,291] Trial 402 finished with value: 0.24111675126903553 and parameters: {'max_depth': 64, 'n_estimators': 583}. Best is trial 44 with value: 0.2614213197969543.
[I 2024-02-22 19:35:31,150] Trial 405 finished with value: 0.23604060913705585 and parameters: {'max_depth': 49, 'n_estimators': 482}. Best is trial 44 with value: 0.2614213197969543.
[I 2024-02-22 19:35:38,829] Trial 404 finished with value: 0.23857868020304568 and parameters: {'max_depth': 668, 'n_estimators': 489}. Best is trial 44 with value: 0.2614213197969543.
[I 2024-02-22 19:35:54,079] Trial 408 finished with value: 0.23857868020304568 and parameters: {'max_depth': 21, 'n_estimators': 166}. Best is trial 44 with value: 0.2614213197969543.
[I 2024-02-22 19:35:55,287] Trial 409 finished with value: 0.24111675126903553 and parameters: {'max_depth': 42, 'n_estimators': 168}. Best is trial 44 with value: 0.2614213197969543.
[I 2024-02-22 19:35:56,045] Trial 410 finished with value: 0.23857868020304568 and parameters: {'max_depth': 44, 'n_estimators': 161}. Best is trial 44 with value: 0.2614213197969543.
[I 2024-02-22 19:36:09,473] Trial 411 finished with value: 0.24111675126903553 and parameters: {'max_depth': 45, 'n_estimators': 156}. Best is trial 44 with value: 0.2614213197969543.
[I 2024-02-22 19:36:46,900] Trial 413 finished with value: 0.2436548223350254 and parameters: {'max_depth': 892, 'n_estimators': 197}. Best is trial 44 with value: 0.2614213197969543.
[I 2024-02-22 19:36:48,058] Trial 412 finished with value: 0.23857868020304568 and parameters: {'max_depth': 497, 'n_estimators': 217}. Best is trial 44 with value: 0.2614213197969543.
[I 2024-02-22 19:36:54,723] Trial 414 finished with value: 0.24111675126903553 and parameters: {'max_depth': 20, 'n_estimators': 192}. Best is trial 44 with value: 0.2614213197969543.
[I 2024-02-22 19:37:15,593] Trial 421 finished with value: 0.2436548223350254 and parameters: {'max_depth': 17, 'n_estimators': 15}. Best is trial 44 with value: 0.2614213197969543.
[I 2024-02-22 19:37:26,686] Trial 415 finished with value: 0.2436548223350254 and parameters: {'max_depth': 22, 'n_estimators': 199}. Best is trial 44 with value: 0.2614213197969543.
[I 2024-02-22 19:37:41,790] Trial 417 finished with value: 0.24111675126903553 and parameters: {'max_depth': 18, 'n_estimators': 172}. Best is trial 44 with value: 0.2614213197969543.
[I 2024-02-22 19:37:44,769] Trial 416 finished with value: 0.2436548223350254 and parameters: {'max_depth': 898, 'n_estimators': 232}. Best is trial 44 with value: 0.2614213197969543.
[I 2024-02-22 19:37:47,276] Trial 418 finished with value: 0.2436548223350254 and parameters: {'max_depth': 19, 'n_estimators': 193}. Best is trial 44 with value: 0.2614213197969543.
[I 2024-02-22 19:38:14,021] Trial 427 finished with value: 0.23096446700507614 and parameters: {'max_depth': 966, 'n_estimators': 18}. Best is trial 44 with value: 0.2614213197969543.
[I 2024-02-22 19:40:50,407] Trial 376 finished with value: 0.24111675126903553 and parameters: {'max_depth': 852, 'n_estimators': 9187}. Best is trial 44 with value: 0.2614213197969543.
[I 2024-02-22 19:41:35,425] Trial 378 finished with value: 0.24111675126903553 and parameters: {'max_depth': 63, 'n_estimators': 9276}. Best is trial 44 with value: 0.2614213197969543.
[I 2024-02-22 19:43:10,613] Trial 382 finished with value: 0.24111675126903553 and parameters: {'max_depth': 55, 'n_estimators': 9206}. Best is trial 44 with value: 0.2614213197969543.
[I 2024-02-22 19:45:09,123] Trial 383 finished with value: 0.24111675126903553 and parameters: {'max_depth': 63, 'n_estimators': 9259}. Best is trial 44 with value: 0.2614213197969543.
[I 2024-02-22 19:45:57,453] Trial 393 finished with value: 0.24111675126903553 and parameters: {'max_depth': 65, 'n_estimators': 7665}. Best is trial 44 with value: 0.2614213197969543.
[I 2024-02-22 19:46:00,836] Trial 385 finished with value: 0.24111675126903553 and parameters: {'max_depth': 143, 'n_estimators': 9182}. Best is trial 44 with value: 0.2614213197969543.
[I 2024-02-22 19:47:35,722] Trial 397 finished with value: 0.24111675126903553 and parameters: {'max_depth': 22, 'n_estimators': 7586}. Best is trial 44 with value: 0.2614213197969543.
[I 2024-02-22 19:48:05,322] Trial 434 finished with value: 0.24111675126903553 and parameters: {'max_depth': 13, 'n_estimators': 387}. Best is trial 44 with value: 0.2614213197969543.
[I 2024-02-22 19:49:07,271] Trial 436 finished with value: 0.23857868020304568 and parameters: {'max_depth': 2, 'n_estimators': 392}. Best is trial 44 with value: 0.2614213197969543.
[I 2024-02-22 19:54:48,272] Trial 419 finished with value: 0.24111675126903553 and parameters: {'max_depth': 930, 'n_estimators': 8738}. Best is trial 44 with value: 0.2614213197969543.
[I 2024-02-22 19:54:49,794] Trial 425 finished with value: 0.20558375634517767 and parameters: {'max_depth': 1, 'n_estimators': 8762}. Best is trial 44 with value: 0.2614213197969543.
[I 2024-02-22 19:55:32,404] Trial 420 finished with value: 0.24111675126903553 and parameters: {'max_depth': 931, 'n_estimators': 8745}. Best is trial 44 with value: 0.2614213197969543.
[I 2024-02-22 19:55:47,320] Trial 441 finished with value: 0.18274111675126903 and parameters: {'max_depth': 625, 'n_estimators': 5}. Best is trial 44 with value: 0.2614213197969543.
[I 2024-02-22 19:55:49,284] Trial 423 finished with value: 0.24111675126903553 and parameters: {'max_depth': 19, 'n_estimators': 8784}. Best is trial 44 with value: 0.2614213197969543.
[I 2024-02-22 19:55:57,995] Trial 422 finished with value: 0.24111675126903553 and parameters: {'max_depth': 20, 'n_estimators': 8805}. Best is trial 44 with value: 0.2614213197969543.
[I 2024-02-22 19:56:16,025] Trial 424 finished with value: 0.24111675126903553 and parameters: {'max_depth': 316, 'n_estimators': 8760}. Best is trial 44 with value: 0.2614213197969543.
[I 2024-02-22 19:56:23,613] Trial 428 finished with value: 0.24111675126903553 and parameters: {'max_depth': 324, 'n_estimators': 8694}. Best is trial 44 with value: 0.2614213197969543.
[I 2024-02-22 19:56:39,824] Trial 426 finished with value: 0.24111675126903553 and parameters: {'max_depth': 15, 'n_estimators': 8800}. Best is trial 44 with value: 0.2614213197969543.
[I 2024-02-22 19:57:08,021] Trial 429 finished with value: 0.24873096446700507 and parameters: {'max_depth': 3, 'n_estimators': 8967}. Best is trial 44 with value: 0.2614213197969543.
[I 2024-02-22 19:58:09,820] Trial 442 finished with value: 0.2436548223350254 and parameters: {'max_depth': 36, 'n_estimators': 379}. Best is trial 44 with value: 0.2614213197969543.
[I 2024-02-22 19:58:11,582] Trial 443 finished with value: 0.24111675126903553 and parameters: {'max_depth': 335, 'n_estimators': 391}. Best is trial 44 with value: 0.2614213197969543.
[I 2024-02-22 19:58:43,472] Trial 446 finished with value: 0.2436548223350254 and parameters: {'max_depth': 39, 'n_estimators': 375}. Best is trial 44 with value: 0.2614213197969543.
[I 2024-02-22 19:58:47,642] Trial 439 finished with value: 0.24111675126903553 and parameters: {'max_depth': 38, 'n_estimators': 876}. Best is trial 44 with value: 0.2614213197969543.
[I 2024-02-22 19:58:51,515] Trial 440 finished with value: 0.24111675126903553 and parameters: {'max_depth': 340, 'n_estimators': 900}. Best is trial 44 with value: 0.2614213197969543.
[I 2024-02-22 19:59:10,770] Trial 451 finished with value: 0.23096446700507614 and parameters: {'max_depth': 800, 'n_estimators': 13}. Best is trial 44 with value: 0.2614213197969543.
[I 2024-02-22 19:59:13,712] Trial 453 finished with value: 0.20812182741116753 and parameters: {'max_depth': 119, 'n_estimators': 8}. Best is trial 44 with value: 0.2614213197969543.
[I 2024-02-22 19:59:22,873] Trial 452 finished with value: 0.2512690355329949 and parameters: {'max_depth': 596, 'n_estimators': 23}. Best is trial 44 with value: 0.2614213197969543.
[I 2024-02-22 19:59:59,133] Trial 430 finished with value: 0.24111675126903553 and parameters: {'max_depth': 18, 'n_estimators': 8795}. Best is trial 44 with value: 0.2614213197969543.
[I 2024-02-22 20:00:11,193] Trial 457 finished with value: 0.14974619289340102 and parameters: {'max_depth': 634, 'n_estimators': 2}. Best is trial 44 with value: 0.2614213197969543.
[I 2024-02-22 20:00:29,171] Trial 431 finished with value: 0.24619289340101522 and parameters: {'max_depth': 4, 'n_estimators': 8884}. Best is trial 44 with value: 0.2614213197969543.
[I 2024-02-22 20:00:44,372] Trial 449 finished with value: 0.2436548223350254 and parameters: {'max_depth': 41, 'n_estimators': 388}. Best is trial 44 with value: 0.2614213197969543.
[I 2024-02-22 20:01:17,424] Trial 454 finished with value: 0.24111675126903553 and parameters: {'max_depth': 694, 'n_estimators': 298}. Best is trial 44 with value: 0.2614213197969543.
[I 2024-02-22 20:01:23,983] Trial 456 finished with value: 0.24111675126903553 and parameters: {'max_depth': 82, 'n_estimators': 279}. Best is trial 44 with value: 0.2614213197969543.
[I 2024-02-22 20:01:31,049] Trial 461 finished with value: 0.1649746192893401 and parameters: {'max_depth': 652, 'n_estimators': 3}. Best is trial 44 with value: 0.2614213197969543.
[I 2024-02-22 20:01:41,862] Trial 448 finished with value: 0.24111675126903553 and parameters: {'max_depth': 116, 'n_estimators': 941}. Best is trial 44 with value: 0.2614213197969543.
[I 2024-02-22 20:02:30,211] Trial 432 finished with value: 0.23857868020304568 and parameters: {'max_depth': 14, 'n_estimators': 8603}. Best is trial 44 with value: 0.2614213197969543.
[I 2024-02-22 20:02:34,308] Trial 458 finished with value: 0.24111675126903553 and parameters: {'max_depth': 583, 'n_estimators': 340}. Best is trial 44 with value: 0.2614213197969543.
[I 2024-02-22 20:02:39,822] Trial 459 finished with value: 0.24111675126903553 and parameters: {'max_depth': 602, 'n_estimators': 300}. Best is trial 44 with value: 0.2614213197969543.
[I 2024-02-22 20:02:49,628] Trial 466 finished with value: 0.1649746192893401 and parameters: {'max_depth': 604, 'n_estimators': 3}. Best is trial 44 with value: 0.2614213197969543.
[I 2024-02-22 20:02:55,286] Trial 450 finished with value: 0.24111675126903553 and parameters: {'max_depth': 799, 'n_estimators': 957}. Best is trial 44 with value: 0.2614213197969543.
[I 2024-02-22 20:03:02,511] Trial 460 finished with value: 0.24111675126903553 and parameters: {'max_depth': 598, 'n_estimators': 302}. Best is trial 44 with value: 0.2614213197969543.
[I 2024-02-22 20:03:03,785] Trial 462 finished with value: 0.23857868020304568 and parameters: {'max_depth': 656, 'n_estimators': 176}. Best is trial 44 with value: 0.2614213197969543.
[I 2024-02-22 20:03:29,102] Trial 463 finished with value: 0.24111675126903553 and parameters: {'max_depth': 621, 'n_estimators': 245}. Best is trial 44 with value: 0.2614213197969543.
[I 2024-02-22 20:04:18,064] Trial 467 finished with value: 0.23857868020304568 and parameters: {'max_depth': 666, 'n_estimators': 178}. Best is trial 44 with value: 0.2614213197969543.
[I 2024-02-22 20:05:20,260] Trial 433 finished with value: 0.23096446700507614 and parameters: {'max_depth': 2, 'n_estimators': 8749}. Best is trial 44 with value: 0.2614213197969543.
[I 2024-02-22 20:06:00,416] Trial 435 finished with value: 0.24111675126903553 and parameters: {'max_depth': 692, 'n_estimators': 8692}. Best is trial 44 with value: 0.2614213197969543.
[I 2024-02-22 20:06:01,609] Trial 468 finished with value: 0.23857868020304568 and parameters: {'max_depth': 650, 'n_estimators': 518}. Best is trial 44 with value: 0.2614213197969543.
[I 2024-02-22 20:06:31,247] Trial 470 finished with value: 0.24111675126903553 and parameters: {'max_depth': 87, 'n_estimators': 565}. Best is trial 44 with value: 0.2614213197969543.
[I 2024-02-22 20:07:39,282] Trial 473 finished with value: 0.24111675126903553 and parameters: {'max_depth': 533, 'n_estimators': 548}. Best is trial 44 with value: 0.2614213197969543.
[I 2024-02-22 20:08:47,890] Trial 437 finished with value: 0.24111675126903553 and parameters: {'max_depth': 325, 'n_estimators': 8783}. Best is trial 44 with value: 0.2614213197969543.
[I 2024-02-22 20:09:05,681] Trial 472 finished with value: 0.24111675126903553 and parameters: {'max_depth': 87, 'n_estimators': 1297}. Best is trial 44 with value: 0.2614213197969543.
[I 2024-02-22 20:09:25,987] Trial 476 finished with value: 0.24111675126903553 and parameters: {'max_depth': 249, 'n_estimators': 593}. Best is trial 44 with value: 0.2614213197969543.
[I 2024-02-22 20:10:44,698] Trial 438 finished with value: 0.24111675126903553 and parameters: {'max_depth': 121, 'n_estimators': 8923}. Best is trial 44 with value: 0.2614213197969543.
[I 2024-02-22 20:10:54,984] Trial 481 finished with value: 0.23857868020304568 and parameters: {'max_depth': 40, 'n_estimators': 176}. Best is trial 44 with value: 0.2614213197969543.
