[I 2024-02-22 20:14:48,598] Trial 444 finished with value: 0.24111675126903553 and parameters: {'max_depth': 41, 'n_estimators': 7255}. Best is trial 44 with value: 0.2614213197969543.
[I 2024-02-22 20:15:47,831] Trial 447 finished with value: 0.24111675126903553 and parameters: {'max_depth': 39, 'n_estimators': 7227}. Best is trial 44 with value: 0.2614213197969543.
[I 2024-02-22 20:16:40,400] Trial 445 finished with value: 0.24111675126903553 and parameters: {'max_depth': 236, 'n_estimators': 7953}. Best is trial 44 with value: 0.2614213197969543.
[I 2024-02-22 20:16:52,646] Trial 482 finished with value: 0.24111675126903553 and parameters: {'max_depth': 37, 'n_estimators': 1875}. Best is trial 44 with value: 0.2614213197969543.
[I 2024-02-22 20:17:12,787] Trial 480 finished with value: 0.24111675126903553 and parameters: {'max_depth': 43, 'n_estimators': 2843}. Best is trial 44 with value: 0.2614213197969543.
[I 2024-02-22 20:17:25,222] Trial 488 finished with value: 0.14974619289340102 and parameters: {'max_depth': 26, 'n_estimators': 2}. Best is trial 44 with value: 0.2614213197969543.
[I 2024-02-22 20:18:43,398] Trial 455 finished with value: 0.24111675126903553 and parameters: {'max_depth': 230, 'n_estimators': 7935}. Best is trial 44 with value: 0.2614213197969543.
[I 2024-02-22 20:18:59,958] Trial 489 finished with value: 0.23857868020304568 and parameters: {'max_depth': 2, 'n_estimators': 372}. Best is trial 44 with value: 0.2614213197969543.
[I 2024-02-22 20:20:13,742] Trial 464 finished with value: 0.24111675126903553 and parameters: {'max_depth': 663, 'n_estimators': 7224}. Best is trial 44 with value: 0.2614213197969543.
[I 2024-02-22 20:20:26,689] Trial 491 finished with value: 0.24111675126903553 and parameters: {'max_depth': 427, 'n_estimators': 194}. Best is trial 44 with value: 0.2614213197969543.
[I 2024-02-22 20:20:32,545] Trial 492 finished with value: 0.20050761421319796 and parameters: {'max_depth': 744, 'n_estimators': 7}. Best is trial 44 with value: 0.2614213197969543.
[I 2024-02-22 20:20:34,663] Trial 494 finished with value: 0.25380710659898476 and parameters: {'max_depth': 1, 'n_estimators': 3}. Best is trial 44 with value: 0.2614213197969543.
[I 2024-02-22 20:21:49,336] Trial 465 finished with value: 0.24111675126903553 and parameters: {'max_depth': 669, 'n_estimators': 8091}. Best is trial 44 with value: 0.2614213197969543.
[I 2024-02-22 20:21:54,566] Trial 474 finished with value: 0.24111675126903553 and parameters: {'max_depth': 40, 'n_estimators': 6508}. Best is trial 44 with value: 0.2614213197969543.
[I 2024-02-22 20:22:00,728] Trial 485 finished with value: 0.23096446700507614 and parameters: {'max_depth': 2, 'n_estimators': 2040}. Best is trial 44 with value: 0.2614213197969543.
[I 2024-02-22 20:22:06,787] Trial 496 finished with value: 0.20050761421319796 and parameters: {'max_depth': 20, 'n_estimators': 7}. Best is trial 44 with value: 0.2614213197969543.
[I 2024-02-22 20:22:16,768] Trial 471 finished with value: 0.24111675126903553 and parameters: {'max_depth': 630, 'n_estimators': 7954}. Best is trial 44 with value: 0.2614213197969543.
[I 2024-02-22 20:22:20,944] Trial 497 finished with value: 0.233502538071066 and parameters: {'max_depth': 1, 'n_estimators': 153}. Best is trial 44 with value: 0.2614213197969543.
[I 2024-02-22 20:22:38,366] Trial 469 finished with value: 0.24111675126903553 and parameters: {'max_depth': 679, 'n_estimators': 7907}. Best is trial 44 with value: 0.2614213197969543.
[I 2024-02-22 20:23:44,998] Trial 498 finished with value: 0.23857868020304568 and parameters: {'max_depth': 21, 'n_estimators': 217}. Best is trial 44 with value: 0.2614213197969543.
[I 2024-02-22 20:24:22,656] Trial 499 finished with value: 0.2436548223350254 and parameters: {'max_depth': 23, 'n_estimators': 359}. Best is trial 44 with value: 0.2614213197969543.
[I 2024-02-22 20:24:29,531] Trial 486 finished with value: 0.23096446700507614 and parameters: {'max_depth': 2, 'n_estimators': 2778}. Best is trial 44 with value: 0.2614213197969543.
[I 2024-02-22 20:24:44,547] Trial 500 finished with value: 0.23857868020304568 and parameters: {'max_depth': 21, 'n_estimators': 401}. Best is trial 44 with value: 0.2614213197969543.
[I 2024-02-22 20:24:47,643] Trial 502 finished with value: 0.24619289340101522 and parameters: {'max_depth': 28, 'n_estimators': 311}. Best is trial 44 with value: 0.2614213197969543.
[I 2024-02-22 20:25:05,771] Trial 475 finished with value: 0.24111675126903553 and parameters: {'max_depth': 85, 'n_estimators': 8068}. Best is trial 44 with value: 0.2614213197969543.
[I 2024-02-22 20:25:07,954] Trial 501 finished with value: 0.23604060913705585 and parameters: {'max_depth': 81, 'n_estimators': 464}. Best is trial 44 with value: 0.2614213197969543.
[I 2024-02-22 20:25:26,332] Trial 508 finished with value: 0.2182741116751269 and parameters: {'max_depth': 50, 'n_estimators': 9}. Best is trial 44 with value: 0.2614213197969543.
[I 2024-02-22 20:26:08,016] Trial 503 finished with value: 0.2436548223350254 and parameters: {'max_depth': 76, 'n_estimators': 382}. Best is trial 44 with value: 0.2614213197969543.
[I 2024-02-22 20:26:11,873] Trial 477 finished with value: 0.24111675126903553 and parameters: {'max_depth': 531, 'n_estimators': 8007}. Best is trial 44 with value: 0.2614213197969543.
[I 2024-02-22 20:26:45,005] Trial 478 finished with value: 0.24111675126903553 and parameters: {'max_depth': 39, 'n_estimators': 8082}. Best is trial 44 with value: 0.2614213197969543.
[I 2024-02-22 20:26:53,995] Trial 510 finished with value: 0.23857868020304568 and parameters: {'max_depth': 54, 'n_estimators': 182}. Best is trial 44 with value: 0.2614213197969543.
[I 2024-02-22 20:27:04,900] Trial 505 finished with value: 0.23857868020304568 and parameters: {'max_depth': 80, 'n_estimators': 437}. Best is trial 44 with value: 0.2614213197969543.
[I 2024-02-22 20:27:35,580] Trial 511 finished with value: 0.24111675126903553 and parameters: {'max_depth': 60, 'n_estimators': 170}. Best is trial 44 with value: 0.2614213197969543.
[I 2024-02-22 20:28:16,757] Trial 483 finished with value: 0.24111675126903553 and parameters: {'max_depth': 37, 'n_estimators': 7270}. Best is trial 44 with value: 0.2614213197969543.
[I 2024-02-22 20:29:28,460] Trial 516 finished with value: 0.21065989847715735 and parameters: {'max_depth': 1, 'n_estimators': 748}. Best is trial 44 with value: 0.2614213197969543.
[I 2024-02-22 20:29:47,006] Trial 479 finished with value: 0.24111675126903553 and parameters: {'max_depth': 41, 'n_estimators': 8998}. Best is trial 44 with value: 0.2614213197969543.
[I 2024-02-22 20:29:52,614] Trial 519 finished with value: 0.2868020304568528 and parameters: {'max_depth': 1, 'n_estimators': 24}. Best is trial 519 with value: 0.2868020304568528.
Trial 519 finished with best value: 0.2868020304568528 and parameters: {'max_depth': 1, 'n_estimators': 24}. 
Trial 520 finished with best value: 0.29441624365482233 and parameters: {'max_depth': 1, 'n_estimators': 17}. 
[I 2024-02-22 20:29:56,543] Trial 520 finished with value: 0.29441624365482233 and parameters: {'max_depth': 1, 'n_estimators': 17}. Best is trial 520 with value: 0.29441624365482233.
[I 2024-02-22 20:30:55,627] Trial 517 finished with value: 0.24873096446700507 and parameters: {'max_depth': 2, 'n_estimators': 723}. Best is trial 520 with value: 0.29441624365482233.
[I 2024-02-22 20:33:30,541] Trial 490 finished with value: 0.24111675126903553 and parameters: {'max_depth': 624, 'n_estimators': 6479}. Best is trial 520 with value: 0.29441624365482233.
[I 2024-02-22 20:33:32,597] Trial 484 finished with value: 0.24111675126903553 and parameters: {'max_depth': 36, 'n_estimators': 8143}. Best is trial 520 with value: 0.29441624365482233.
[I 2024-02-22 20:33:40,641] Trial 524 finished with value: 0.12690355329949238 and parameters: {'max_depth': 21, 'n_estimators': 1}. Best is trial 520 with value: 0.29441624365482233.
[I 2024-02-22 20:34:47,740] Trial 523 finished with value: 0.23857868020304568 and parameters: {'max_depth': 24, 'n_estimators': 164}. Best is trial 520 with value: 0.29441624365482233.
[I 2024-02-22 20:35:11,192] Trial 487 finished with value: 0.24111675126903553 and parameters: {'max_depth': 31, 'n_estimators': 8125}. Best is trial 520 with value: 0.29441624365482233.
[I 2024-02-22 20:35:11,999] Trial 493 finished with value: 0.24111675126903553 and parameters: {'max_depth': 79, 'n_estimators': 6457}. Best is trial 520 with value: 0.29441624365482233.
[I 2024-02-22 20:35:54,007] Trial 527 finished with value: 0.23857868020304568 and parameters: {'max_depth': 2, 'n_estimators': 174}. Best is trial 520 with value: 0.29441624365482233.
[I 2024-02-22 20:38:32,818] Trial 495 finished with value: 0.23096446700507614 and parameters: {'max_depth': 2, 'n_estimators': 8113}. Best is trial 520 with value: 0.29441624365482233.
[I 2024-02-22 20:39:02,508] Trial 530 finished with value: 0.2436548223350254 and parameters: {'max_depth': 18, 'n_estimators': 20}. Best is trial 520 with value: 0.29441624365482233.
[I 2024-02-22 20:39:24,900] Trial 531 finished with value: 0.22842639593908629 and parameters: {'max_depth': 15, 'n_estimators': 12}. Best is trial 520 with value: 0.29441624365482233.
[I 2024-02-22 20:40:22,713] Trial 532 finished with value: 0.23604060913705585 and parameters: {'max_depth': 2, 'n_estimators': 234}. Best is trial 520 with value: 0.29441624365482233.
[I 2024-02-22 20:41:50,443] Trial 533 finished with value: 0.2436548223350254 and parameters: {'max_depth': 170, 'n_estimators': 205}. Best is trial 520 with value: 0.29441624365482233.
[I 2024-02-22 20:42:27,399] Trial 504 finished with value: 0.24111675126903553 and parameters: {'max_depth': 52, 'n_estimators': 8531}. Best is trial 520 with value: 0.29441624365482233.
[I 2024-02-22 20:42:29,487] Trial 535 finished with value: 0.3147208121827411 and parameters: {'max_depth': 1, 'n_estimators': 4}. Best is trial 535 with value: 0.3147208121827411.
Trial 535 finished with best value: 0.3147208121827411 and parameters: {'max_depth': 1, 'n_estimators': 4}. 
[I 2024-02-22 20:43:18,602] Trial 507 finished with value: 0.24111675126903553 and parameters: {'max_depth': 78, 'n_estimators': 8496}. Best is trial 535 with value: 0.3147208121827411.
[I 2024-02-22 20:44:13,034] Trial 514 finished with value: 0.23096446700507614 and parameters: {'max_depth': 2, 'n_estimators': 8506}. Best is trial 535 with value: 0.3147208121827411.
[I 2024-02-22 20:44:21,033] Trial 534 finished with value: 0.23604060913705585 and parameters: {'max_depth': 19, 'n_estimators': 482}. Best is trial 535 with value: 0.3147208121827411.
[I 2024-02-22 20:44:29,033] Trial 539 finished with value: 0.12690355329949238 and parameters: {'max_depth': 105, 'n_estimators': 1}. Best is trial 535 with value: 0.3147208121827411.
[I 2024-02-22 20:44:46,486] Trial 506 finished with value: 0.24111675126903553 and parameters: {'max_depth': 55, 'n_estimators': 9537}. Best is trial 535 with value: 0.3147208121827411.
[I 2024-02-22 20:44:50,091] Trial 540 finished with value: 0.2182741116751269 and parameters: {'max_depth': 51, 'n_estimators': 9}. Best is trial 535 with value: 0.3147208121827411.
[I 2024-02-22 20:44:52,672] Trial 512 finished with value: 0.24111675126903553 and parameters: {'max_depth': 54, 'n_estimators': 8490}. Best is trial 535 with value: 0.3147208121827411.
[I 2024-02-22 20:44:58,423] Trial 513 finished with value: 0.24111675126903553 and parameters: {'max_depth': 58, 'n_estimators': 8557}. Best is trial 535 with value: 0.3147208121827411.
[I 2024-02-22 20:45:05,802] Trial 543 finished with value: 0.14974619289340102 and parameters: {'max_depth': 28, 'n_estimators': 2}. Best is trial 535 with value: 0.3147208121827411.
[I 2024-02-22 20:45:06,299] Trial 541 finished with value: 0.20050761421319796 and parameters: {'max_depth': 25, 'n_estimators': 7}. Best is trial 535 with value: 0.3147208121827411.
[I 2024-02-22 20:45:24,745] Trial 536 finished with value: 0.24111675126903553 and parameters: {'max_depth': 23, 'n_estimators': 561}. Best is trial 535 with value: 0.3147208121827411.
[I 2024-02-22 20:46:08,842] Trial 509 finished with value: 0.24111675126903553 and parameters: {'max_depth': 58, 'n_estimators': 9532}. Best is trial 535 with value: 0.3147208121827411.
[I 2024-02-22 20:46:17,576] Trial 537 finished with value: 0.23857868020304568 and parameters: {'max_depth': 31, 'n_estimators': 525}. Best is trial 535 with value: 0.3147208121827411.
[I 2024-02-22 20:47:00,221] Trial 538 finished with value: 0.23604060913705585 and parameters: {'max_depth': 25, 'n_estimators': 475}. Best is trial 535 with value: 0.3147208121827411.
[I 2024-02-22 20:47:08,754] Trial 542 finished with value: 0.24111675126903553 and parameters: {'max_depth': 29, 'n_estimators': 336}. Best is trial 535 with value: 0.3147208121827411.
[I 2024-02-22 20:47:09,786] Trial 548 finished with value: 0.21065989847715735 and parameters: {'max_depth': 1, 'n_estimators': 336}. Best is trial 535 with value: 0.3147208121827411.
[I 2024-02-22 20:47:12,972] Trial 544 finished with value: 0.24619289340101522 and parameters: {'max_depth': 25, 'n_estimators': 334}. Best is trial 535 with value: 0.3147208121827411.
[I 2024-02-22 20:47:17,867] Trial 546 finished with value: 0.2436548223350254 and parameters: {'max_depth': 20, 'n_estimators': 328}. Best is trial 535 with value: 0.3147208121827411.
[I 2024-02-22 20:47:23,980] Trial 545 finished with value: 0.24619289340101522 and parameters: {'max_depth': 20, 'n_estimators': 327}. Best is trial 535 with value: 0.3147208121827411.
[I 2024-02-22 20:47:40,206] Trial 547 finished with value: 0.24111675126903553 and parameters: {'max_depth': 133, 'n_estimators': 341}. Best is trial 535 with value: 0.3147208121827411.
[I 2024-02-22 20:47:55,360] Trial 556 finished with value: 0.18274111675126903 and parameters: {'max_depth': 44, 'n_estimators': 4}. Best is trial 535 with value: 0.3147208121827411.
[I 2024-02-22 20:47:56,985] Trial 515 finished with value: 0.24873096446700507 and parameters: {'max_depth': 3, 'n_estimators': 9575}. Best is trial 535 with value: 0.3147208121827411.
[I 2024-02-22 20:48:02,241] Trial 518 finished with value: 0.20558375634517767 and parameters: {'max_depth': 1, 'n_estimators': 8543}. Best is trial 535 with value: 0.3147208121827411.
[I 2024-02-22 20:48:04,371] Trial 554 finished with value: 0.2182741116751269 and parameters: {'max_depth': 1, 'n_estimators': 250}. Best is trial 535 with value: 0.3147208121827411.
[I 2024-02-22 20:48:09,049] Trial 549 finished with value: 0.24873096446700507 and parameters: {'max_depth': 3, 'n_estimators': 311}. Best is trial 535 with value: 0.3147208121827411.
[I 2024-02-22 20:48:11,202] Trial 521 finished with value: 0.20558375634517767 and parameters: {'max_depth': 1, 'n_estimators': 8533}. Best is trial 535 with value: 0.3147208121827411.
[I 2024-02-22 20:49:07,737] Trial 550 finished with value: 0.24111675126903553 and parameters: {'max_depth': 493, 'n_estimators': 270}. Best is trial 535 with value: 0.3147208121827411.
[I 2024-02-22 20:49:13,976] Trial 551 finished with value: 0.24111675126903553 and parameters: {'max_depth': 134, 'n_estimators': 235}. Best is trial 535 with value: 0.3147208121827411.
[I 2024-02-22 20:49:22,150] Trial 555 finished with value: 0.2436548223350254 and parameters: {'max_depth': 128, 'n_estimators': 204}. Best is trial 535 with value: 0.3147208121827411.
[I 2024-02-22 20:49:32,132] Trial 552 finished with value: 0.24111675126903553 and parameters: {'max_depth': 491, 'n_estimators': 293}. Best is trial 535 with value: 0.3147208121827411.
[I 2024-02-22 20:49:47,862] Trial 557 finished with value: 0.24111675126903553 and parameters: {'max_depth': 104, 'n_estimators': 187}. Best is trial 535 with value: 0.3147208121827411.
[I 2024-02-22 20:49:58,895] Trial 559 finished with value: 0.24111675126903553 and parameters: {'max_depth': 121, 'n_estimators': 184}. Best is trial 535 with value: 0.3147208121827411.
[I 2024-02-22 20:49:59,478] Trial 561 finished with value: 0.23604060913705585 and parameters: {'max_depth': 113, 'n_estimators': 169}. Best is trial 535 with value: 0.3147208121827411.
[I 2024-02-22 20:50:08,214] Trial 562 finished with value: 0.2436548223350254 and parameters: {'max_depth': 38, 'n_estimators': 200}. Best is trial 535 with value: 0.3147208121827411.
[I 2024-02-22 20:50:18,533] Trial 558 finished with value: 0.24111675126903553 and parameters: {'max_depth': 106, 'n_estimators': 274}. Best is trial 535 with value: 0.3147208121827411.
[I 2024-02-22 20:50:23,529] Trial 570 finished with value: 0.1649746192893401 and parameters: {'max_depth': 41, 'n_estimators': 3}. Best is trial 535 with value: 0.3147208121827411.
[I 2024-02-22 20:50:49,812] Trial 563 finished with value: 0.24111675126903553 and parameters: {'max_depth': 39, 'n_estimators': 172}. Best is trial 535 with value: 0.3147208121827411.
[I 2024-02-22 20:51:03,886] Trial 565 finished with value: 0.23857868020304568 and parameters: {'max_depth': 109, 'n_estimators': 161}. Best is trial 535 with value: 0.3147208121827411.
[I 2024-02-22 20:52:39,023] Trial 522 finished with value: 0.23096446700507614 and parameters: {'max_depth': 2, 'n_estimators': 9522}. Best is trial 535 with value: 0.3147208121827411.
[I 2024-02-22 20:53:20,985] Trial 566 finished with value: 0.23857868020304568 and parameters: {'max_depth': 42, 'n_estimators': 605}. Best is trial 535 with value: 0.3147208121827411.
[I 2024-02-22 20:53:30,472] Trial 576 finished with value: 0.12690355329949238 and parameters: {'max_depth': 67, 'n_estimators': 1}. Best is trial 535 with value: 0.3147208121827411.
[I 2024-02-22 20:53:44,998] Trial 567 finished with value: 0.24111675126903553 and parameters: {'max_depth': 42, 'n_estimators': 698}. Best is trial 535 with value: 0.3147208121827411.
[I 2024-02-22 20:53:57,585] Trial 553 finished with value: 0.24111675126903553 and parameters: {'max_depth': 133, 'n_estimators': 1661}. Best is trial 535 with value: 0.3147208121827411.
[I 2024-02-22 20:53:58,854] Trial 578 finished with value: 0.14974619289340102 and parameters: {'max_depth': 397, 'n_estimators': 2}. Best is trial 535 with value: 0.3147208121827411.
[I 2024-02-22 20:54:10,711] Trial 568 finished with value: 0.24111675126903553 and parameters: {'max_depth': 42, 'n_estimators': 707}. Best is trial 535 with value: 0.3147208121827411.
[I 2024-02-22 20:54:11,040] Trial 526 finished with value: 0.20558375634517767 and parameters: {'max_depth': 1, 'n_estimators': 8574}. Best is trial 535 with value: 0.3147208121827411.
[I 2024-02-22 20:54:28,138] Trial 571 finished with value: 0.24111675126903553 and parameters: {'max_depth': 392, 'n_estimators': 716}. Best is trial 535 with value: 0.3147208121827411.
[I 2024-02-22 20:54:28,229] Trial 525 finished with value: 0.24111675126903553 and parameters: {'max_depth': 15, 'n_estimators': 8519}. Best is trial 535 with value: 0.3147208121827411.
[I 2024-02-22 20:54:37,001] Trial 560 finished with value: 0.24111675126903553 and parameters: {'max_depth': 114, 'n_estimators': 1585}. Best is trial 535 with value: 0.3147208121827411.
[I 2024-02-22 20:54:37,585] Trial 573 finished with value: 0.24111675126903553 and parameters: {'max_depth': 64, 'n_estimators': 671}. Best is trial 535 with value: 0.3147208121827411.
[I 2024-02-22 20:55:04,217] Trial 574 finished with value: 0.24111675126903553 and parameters: {'max_depth': 70, 'n_estimators': 674}. Best is trial 535 with value: 0.3147208121827411.
[I 2024-02-22 20:55:35,168] Trial 528 finished with value: 0.23096446700507614 and parameters: {'max_depth': 2, 'n_estimators': 8513}. Best is trial 535 with value: 0.3147208121827411.
[I 2024-02-22 20:56:14,403] Trial 575 finished with value: 0.23857868020304568 and parameters: {'max_depth': 71, 'n_estimators': 600}. Best is trial 535 with value: 0.3147208121827411.
[I 2024-02-22 20:56:56,464] Trial 529 finished with value: 0.24111675126903553 and parameters: {'max_depth': 16, 'n_estimators': 8500}. Best is trial 535 with value: 0.3147208121827411.
[I 2024-02-22 20:57:05,485] Trial 580 finished with value: 0.23604060913705585 and parameters: {'max_depth': 265, 'n_estimators': 511}. Best is trial 535 with value: 0.3147208121827411.
[I 2024-02-22 20:57:19,881] Trial 577 finished with value: 0.24111675126903553 and parameters: {'max_depth': 391, 'n_estimators': 652}. Best is trial 535 with value: 0.3147208121827411.
[I 2024-02-22 20:57:38,688] Trial 591 finished with value: 0.23096446700507614 and parameters: {'max_depth': 199, 'n_estimators': 18}. Best is trial 535 with value: 0.3147208121827411.
[I 2024-02-22 20:57:41,221] Trial 583 finished with value: 0.23604060913705585 and parameters: {'max_depth': 264, 'n_estimators': 492}. Best is trial 535 with value: 0.3147208121827411.
[I 2024-02-22 20:57:42,438] Trial 586 finished with value: 0.23857868020304568 and parameters: {'max_depth': 19, 'n_estimators': 486}. Best is trial 535 with value: 0.3147208121827411.
[I 2024-02-22 20:58:25,200] Trial 587 finished with value: 0.23857868020304568 and parameters: {'max_depth': 21, 'n_estimators': 506}. Best is trial 535 with value: 0.3147208121827411.
[I 2024-02-22 20:58:37,858] Trial 588 finished with value: 0.23604060913705585 and parameters: {'max_depth': 24, 'n_estimators': 461}. Best is trial 535 with value: 0.3147208121827411.
[I 2024-02-22 20:58:59,418] Trial 597 finished with value: 0.20050761421319796 and parameters: {'max_depth': 52, 'n_estimators': 7}. Best is trial 535 with value: 0.3147208121827411.
[I 2024-02-22 20:59:19,777] Trial 594 finished with value: 0.23604060913705585 and parameters: {'max_depth': 25, 'n_estimators': 149}. Best is trial 535 with value: 0.3147208121827411.
[I 2024-02-22 20:59:26,915] Trial 589 finished with value: 0.23604060913705585 and parameters: {'max_depth': 22, 'n_estimators': 480}. Best is trial 535 with value: 0.3147208121827411.
