[I 2024-02-22 20:59:44,738] Trial 600 finished with value: 0.18274111675126903 and parameters: {'max_depth': 453, 'n_estimators': 4}. Best is trial 535 with value: 0.3147208121827411.
[I 2024-02-22 21:00:14,451] Trial 596 finished with value: 0.24111675126903553 and parameters: {'max_depth': 446, 'n_estimators': 172}. Best is trial 535 with value: 0.3147208121827411.
[I 2024-02-22 21:00:38,480] Trial 598 finished with value: 0.24111675126903553 and parameters: {'max_depth': 29, 'n_estimators': 156}. Best is trial 535 with value: 0.3147208121827411.
[I 2024-02-22 21:00:38,878] Trial 593 finished with value: 0.23604060913705585 and parameters: {'max_depth': 24, 'n_estimators': 444}. Best is trial 535 with value: 0.3147208121827411.
[I 2024-02-22 21:00:58,743] Trial 604 finished with value: 0.20050761421319796 and parameters: {'max_depth': 712, 'n_estimators': 7}. Best is trial 535 with value: 0.3147208121827411.
[I 2024-02-22 21:01:02,357] Trial 599 finished with value: 0.23857868020304568 and parameters: {'max_depth': 86, 'n_estimators': 162}. Best is trial 535 with value: 0.3147208121827411.
[I 2024-02-22 21:01:28,975] Trial 601 finished with value: 0.23857868020304568 and parameters: {'max_depth': 87, 'n_estimators': 185}. Best is trial 535 with value: 0.3147208121827411.
[I 2024-02-22 21:01:41,805] Trial 607 finished with value: 0.14974619289340102 and parameters: {'max_depth': 51, 'n_estimators': 2}. Best is trial 535 with value: 0.3147208121827411.
[I 2024-02-22 21:04:23,050] Trial 564 finished with value: 0.24111675126903553 and parameters: {'max_depth': 105, 'n_estimators': 5050}. Best is trial 535 with value: 0.3147208121827411.
[I 2024-02-22 21:04:39,946] Trial 579 finished with value: 0.24111675126903553 and parameters: {'max_depth': 21, 'n_estimators': 3485}. Best is trial 535 with value: 0.3147208121827411.
[I 2024-02-22 21:04:51,480] Trial 569 finished with value: 0.24111675126903553 and parameters: {'max_depth': 42, 'n_estimators': 5035}. Best is trial 535 with value: 0.3147208121827411.
[I 2024-02-22 21:05:12,270] Trial 584 finished with value: 0.24111675126903553 and parameters: {'max_depth': 194, 'n_estimators': 3392}. Best is trial 535 with value: 0.3147208121827411.
[I 2024-02-22 21:05:17,418] Trial 572 finished with value: 0.24111675126903553 and parameters: {'max_depth': 63, 'n_estimators': 5096}. Best is trial 535 with value: 0.3147208121827411.
[I 2024-02-22 21:05:29,336] Trial 585 finished with value: 0.24111675126903553 and parameters: {'max_depth': 70, 'n_estimators': 3576}. Best is trial 535 with value: 0.3147208121827411.
[I 2024-02-22 21:06:24,492] Trial 609 finished with value: 0.2436548223350254 and parameters: {'max_depth': 168, 'n_estimators': 264}. Best is trial 535 with value: 0.3147208121827411.
[I 2024-02-22 21:06:33,103] Trial 611 finished with value: 0.23857868020304568 and parameters: {'max_depth': 2, 'n_estimators': 337}. Best is trial 535 with value: 0.3147208121827411.
[I 2024-02-22 21:06:50,059] Trial 610 finished with value: 0.24619289340101522 and parameters: {'max_depth': 48, 'n_estimators': 311}. Best is trial 535 with value: 0.3147208121827411.
[I 2024-02-22 21:07:17,305] Trial 592 finished with value: 0.24111675126903553 and parameters: {'max_depth': 450, 'n_estimators': 3084}. Best is trial 535 with value: 0.3147208121827411.
[I 2024-02-22 21:07:37,319] Trial 613 finished with value: 0.24111675126903553 and parameters: {'max_depth': 159, 'n_estimators': 348}. Best is trial 535 with value: 0.3147208121827411.
[I 2024-02-22 21:07:57,405] Trial 581 finished with value: 0.24111675126903553 and parameters: {'max_depth': 18, 'n_estimators': 4588}. Best is trial 535 with value: 0.3147208121827411.
[I 2024-02-22 21:08:16,318] Trial 616 finished with value: 0.23604060913705585 and parameters: {'max_depth': 2, 'n_estimators': 359}. Best is trial 535 with value: 0.3147208121827411.
[I 2024-02-22 21:08:28,520] Trial 582 finished with value: 0.24111675126903553 and parameters: {'max_depth': 20, 'n_estimators': 5128}. Best is trial 535 with value: 0.3147208121827411.
[I 2024-02-22 21:08:29,430] Trial 620 finished with value: 0.23096446700507614 and parameters: {'max_depth': 1, 'n_estimators': 175}. Best is trial 535 with value: 0.3147208121827411.
[I 2024-02-22 21:08:53,494] Trial 623 finished with value: 0.21573604060913706 and parameters: {'max_depth': 37, 'n_estimators': 11}. Best is trial 535 with value: 0.3147208121827411.
[I 2024-02-22 21:09:10,724] Trial 619 finished with value: 0.24111675126903553 and parameters: {'max_depth': 16, 'n_estimators': 172}. Best is trial 535 with value: 0.3147208121827411.
[I 2024-02-22 21:09:49,090] Trial 621 finished with value: 0.23857868020304568 and parameters: {'max_depth': 517, 'n_estimators': 166}. Best is trial 535 with value: 0.3147208121827411.
[I 2024-02-22 21:10:24,972] Trial 595 finished with value: 0.24111675126903553 and parameters: {'max_depth': 24, 'n_estimators': 4590}. Best is trial 535 with value: 0.3147208121827411.
[I 2024-02-22 21:10:30,596] Trial 624 finished with value: 0.24111675126903553 and parameters: {'max_depth': 34, 'n_estimators': 180}. Best is trial 535 with value: 0.3147208121827411.
[I 2024-02-22 21:10:42,661] Trial 603 finished with value: 0.24111675126903553 and parameters: {'max_depth': 83, 'n_estimators': 3446}. Best is trial 535 with value: 0.3147208121827411.
[I 2024-02-22 21:11:19,091] Trial 626 finished with value: 0.23857868020304568 and parameters: {'max_depth': 53, 'n_estimators': 164}. Best is trial 535 with value: 0.3147208121827411.
[I 2024-02-22 21:11:41,718] Trial 630 finished with value: 0.21573604060913706 and parameters: {'max_depth': 53, 'n_estimators': 11}. Best is trial 535 with value: 0.3147208121827411.
[I 2024-02-22 21:12:39,151] Trial 627 finished with value: 0.24111675126903553 and parameters: {'max_depth': 58, 'n_estimators': 364}. Best is trial 535 with value: 0.3147208121827411.
[I 2024-02-22 21:14:06,069] Trial 602 finished with value: 0.24111675126903553 and parameters: {'max_depth': 54, 'n_estimators': 5001}. Best is trial 535 with value: 0.3147208121827411.
[I 2024-02-22 21:14:20,163] Trial 605 finished with value: 0.24111675126903553 and parameters: {'max_depth': 90, 'n_estimators': 5114}. Best is trial 535 with value: 0.3147208121827411.
[I 2024-02-22 21:14:23,282] Trial 634 finished with value: 0.30456852791878175 and parameters: {'max_depth': 1, 'n_estimators': 11}. Best is trial 535 with value: 0.3147208121827411.
[I 2024-02-22 21:14:23,814] Trial 614 finished with value: 0.24111675126903553 and parameters: {'max_depth': 152, 'n_estimators': 3057}. Best is trial 535 with value: 0.3147208121827411.
[I 2024-02-22 21:14:27,014] Trial 636 finished with value: 0.31218274111675126 and parameters: {'max_depth': 1, 'n_estimators': 10}. Best is trial 535 with value: 0.3147208121827411.
[I 2024-02-22 21:14:48,942] Trial 590 finished with value: 0.24111675126903553 and parameters: {'max_depth': 442, 'n_estimators': 6724}. Best is trial 535 with value: 0.3147208121827411.
[I 2024-02-22 21:14:53,723] Trial 637 finished with value: 0.2436548223350254 and parameters: {'max_depth': 35, 'n_estimators': 16}. Best is trial 535 with value: 0.3147208121827411.
[I 2024-02-22 21:15:01,782] Trial 617 finished with value: 0.20558375634517767 and parameters: {'max_depth': 1, 'n_estimators': 3176}. Best is trial 535 with value: 0.3147208121827411.
[I 2024-02-22 21:15:17,101] Trial 629 finished with value: 0.24111675126903553 and parameters: {'max_depth': 354, 'n_estimators': 1115}. Best is trial 535 with value: 0.3147208121827411.
[I 2024-02-22 21:15:56,499] Trial 639 finished with value: 0.2131979695431472 and parameters: {'max_depth': 1, 'n_estimators': 389}. Best is trial 535 with value: 0.3147208121827411.
[I 2024-02-22 21:16:37,269] Trial 638 finished with value: 0.23857868020304568 and parameters: {'max_depth': 2, 'n_estimators': 403}. Best is trial 535 with value: 0.3147208121827411.
[I 2024-02-22 21:17:14,812] Trial 606 finished with value: 0.24111675126903553 and parameters: {'max_depth': 54, 'n_estimators': 6157}. Best is trial 535 with value: 0.3147208121827411.
[I 2024-02-22 21:17:27,266] Trial 644 finished with value: 0.14974619289340102 and parameters: {'max_depth': 35, 'n_estimators': 2}. Best is trial 535 with value: 0.3147208121827411.
[I 2024-02-22 21:17:32,036] Trial 640 finished with value: 0.23857868020304568 and parameters: {'max_depth': 23, 'n_estimators': 417}. Best is trial 535 with value: 0.3147208121827411.
[I 2024-02-22 21:17:44,857] Trial 646 finished with value: 0.14974619289340102 and parameters: {'max_depth': 772, 'n_estimators': 2}. Best is trial 535 with value: 0.3147208121827411.
[I 2024-02-22 21:17:48,028] Trial 641 finished with value: 0.24111675126903553 and parameters: {'max_depth': 19, 'n_estimators': 406}. Best is trial 535 with value: 0.3147208121827411.
[I 2024-02-22 21:18:30,508] Trial 642 finished with value: 0.23857868020304568 and parameters: {'max_depth': 20, 'n_estimators': 400}. Best is trial 535 with value: 0.3147208121827411.
[I 2024-02-22 21:18:43,124] Trial 649 finished with value: 0.14974619289340102 and parameters: {'max_depth': 32, 'n_estimators': 2}. Best is trial 535 with value: 0.3147208121827411.
[I 2024-02-22 21:19:14,523] Trial 608 finished with value: 0.24111675126903553 and parameters: {'max_depth': 154, 'n_estimators': 6775}. Best is trial 535 with value: 0.3147208121827411.
[I 2024-02-22 21:19:15,142] Trial 647 finished with value: 0.23857868020304568 and parameters: {'max_depth': 976, 'n_estimators': 146}. Best is trial 535 with value: 0.3147208121827411.
[I 2024-02-22 21:19:18,035] Trial 645 finished with value: 0.2436548223350254 and parameters: {'max_depth': 19, 'n_estimators': 201}. Best is trial 535 with value: 0.3147208121827411.
[I 2024-02-22 21:19:45,640] Trial 648 finished with value: 0.23857868020304568 and parameters: {'max_depth': 738, 'n_estimators': 220}. Best is trial 535 with value: 0.3147208121827411.
[I 2024-02-22 21:20:19,669] Trial 612 finished with value: 0.24111675126903553 and parameters: {'max_depth': 157, 'n_estimators': 5476}. Best is trial 535 with value: 0.3147208121827411.
[I 2024-02-22 21:21:12,338] Trial 651 finished with value: 0.23857868020304568 and parameters: {'max_depth': 75, 'n_estimators': 181}. Best is trial 535 with value: 0.3147208121827411.
[I 2024-02-22 21:21:26,694] Trial 643 finished with value: 0.24111675126903553 and parameters: {'max_depth': 737, 'n_estimators': 859}. Best is trial 535 with value: 0.3147208121827411.
[I 2024-02-22 21:21:28,093] Trial 653 finished with value: 0.24111675126903553 and parameters: {'max_depth': 75, 'n_estimators': 213}. Best is trial 535 with value: 0.3147208121827411.
[I 2024-02-22 21:22:09,997] Trial 618 finished with value: 0.20558375634517767 and parameters: {'max_depth': 1, 'n_estimators': 5587}. Best is trial 535 with value: 0.3147208121827411.
[I 2024-02-22 21:23:15,749] Trial 656 finished with value: 0.2436548223350254 and parameters: {'max_depth': 38, 'n_estimators': 216}. Best is trial 535 with value: 0.3147208121827411.
[I 2024-02-22 21:23:25,494] Trial 660 finished with value: 0.12690355329949238 and parameters: {'max_depth': 42, 'n_estimators': 1}. Best is trial 535 with value: 0.3147208121827411.
[I 2024-02-22 21:23:29,924] Trial 657 finished with value: 0.24111675126903553 and parameters: {'max_depth': 38, 'n_estimators': 212}. Best is trial 535 with value: 0.3147208121827411.
[I 2024-02-22 21:23:42,324] Trial 650 finished with value: 0.24111675126903553 and parameters: {'max_depth': 76, 'n_estimators': 854}. Best is trial 535 with value: 0.3147208121827411.
[I 2024-02-22 21:24:02,566] Trial 615 finished with value: 0.24111675126903553 and parameters: {'max_depth': 516, 'n_estimators': 6243}. Best is trial 535 with value: 0.3147208121827411.
[I 2024-02-22 21:24:11,521] Trial 659 finished with value: 0.2436548223350254 and parameters: {'max_depth': 37, 'n_estimators': 201}. Best is trial 535 with value: 0.3147208121827411.
[I 2024-02-22 21:24:14,753] Trial 652 finished with value: 0.24111675126903553 and parameters: {'max_depth': 76, 'n_estimators': 851}. Best is trial 535 with value: 0.3147208121827411.
[I 2024-02-22 21:24:50,332] Trial 654 finished with value: 0.24111675126903553 and parameters: {'max_depth': 76, 'n_estimators': 907}. Best is trial 535 with value: 0.3147208121827411.
[I 2024-02-22 21:25:05,423] Trial 658 finished with value: 0.24111675126903553 and parameters: {'max_depth': 38, 'n_estimators': 560}. Best is trial 535 with value: 0.3147208121827411.
[I 2024-02-22 21:25:19,186] Trial 625 finished with value: 0.24111675126903553 and parameters: {'max_depth': 48, 'n_estimators': 5704}. Best is trial 535 with value: 0.3147208121827411.
[I 2024-02-22 21:25:22,613] Trial 661 finished with value: 0.20812182741116753 and parameters: {'max_depth': 1, 'n_estimators': 612}. Best is trial 535 with value: 0.3147208121827411.
[I 2024-02-22 21:25:30,343] Trial 655 finished with value: 0.24111675126903553 and parameters: {'max_depth': 77, 'n_estimators': 947}. Best is trial 535 with value: 0.3147208121827411.
[I 2024-02-22 21:25:32,302] Trial 663 finished with value: 0.2131979695431472 and parameters: {'max_depth': 1, 'n_estimators': 584}. Best is trial 535 with value: 0.3147208121827411.
[I 2024-02-22 21:25:39,351] Trial 669 finished with value: 0.18274111675126903 and parameters: {'max_depth': 19, 'n_estimators': 5}. Best is trial 535 with value: 0.3147208121827411.
[I 2024-02-22 21:25:51,874] Trial 670 finished with value: 0.2131979695431472 and parameters: {'max_depth': 19, 'n_estimators': 10}. Best is trial 535 with value: 0.3147208121827411.
[I 2024-02-22 21:25:57,728] Trial 672 finished with value: 0.20812182741116753 and parameters: {'max_depth': 996, 'n_estimators': 8}. Best is trial 535 with value: 0.3147208121827411.
[I 2024-02-22 21:26:53,675] Trial 662 finished with value: 0.23604060913705585 and parameters: {'max_depth': 23, 'n_estimators': 509}. Best is trial 535 with value: 0.3147208121827411.
[I 2024-02-22 21:27:34,044] Trial 665 finished with value: 0.23857868020304568 and parameters: {'max_depth': 96, 'n_estimators': 494}. Best is trial 535 with value: 0.3147208121827411.
[I 2024-02-22 21:27:34,803] Trial 622 finished with value: 0.20558375634517767 and parameters: {'max_depth': 1, 'n_estimators': 7482}. Best is trial 535 with value: 0.3147208121827411.
[I 2024-02-22 21:27:51,821] Trial 666 finished with value: 0.24111675126903553 and parameters: {'max_depth': 20, 'n_estimators': 576}. Best is trial 535 with value: 0.3147208121827411.
[I 2024-02-22 21:27:56,916] Trial 676 finished with value: 0.2182741116751269 and parameters: {'max_depth': 1, 'n_estimators': 328}. Best is trial 535 with value: 0.3147208121827411.
[I 2024-02-22 21:27:59,990] Trial 664 finished with value: 0.23857868020304568 and parameters: {'max_depth': 97, 'n_estimators': 614}. Best is trial 535 with value: 0.3147208121827411.
[I 2024-02-22 21:28:09,708] Trial 667 finished with value: 0.23604060913705585 and parameters: {'max_depth': 547, 'n_estimators': 501}. Best is trial 535 with value: 0.3147208121827411.
[I 2024-02-22 21:28:17,910] Trial 673 finished with value: 0.23857868020304568 and parameters: {'max_depth': 553, 'n_estimators': 338}. Best is trial 535 with value: 0.3147208121827411.
[I 2024-02-22 21:28:26,326] Trial 671 finished with value: 0.23857868020304568 and parameters: {'max_depth': 19, 'n_estimators': 397}. Best is trial 535 with value: 0.3147208121827411.
[I 2024-02-22 21:28:26,374] Trial 632 finished with value: 0.24111675126903553 and parameters: {'max_depth': 359, 'n_estimators': 5538}. Best is trial 535 with value: 0.3147208121827411.
[I 2024-02-22 21:28:35,906] Trial 674 finished with value: 0.2436548223350254 and parameters: {'max_depth': 105, 'n_estimators': 365}. Best is trial 535 with value: 0.3147208121827411.
[I 2024-02-22 21:28:47,888] Trial 668 finished with value: 0.24111675126903553 and parameters: {'max_depth': 18, 'n_estimators': 550}. Best is trial 535 with value: 0.3147208121827411.
[I 2024-02-22 21:28:49,442] Trial 675 finished with value: 0.23857868020304568 and parameters: {'max_depth': 18, 'n_estimators': 395}. Best is trial 535 with value: 0.3147208121827411.
[I 2024-02-22 21:29:03,661] Trial 687 finished with value: 0.14974619289340102 and parameters: {'max_depth': 303, 'n_estimators': 2}. Best is trial 535 with value: 0.3147208121827411.
[I 2024-02-22 21:29:44,417] Trial 678 finished with value: 0.2436548223350254 and parameters: {'max_depth': 22, 'n_estimators': 223}. Best is trial 535 with value: 0.3147208121827411.
[I 2024-02-22 21:30:08,495] Trial 628 finished with value: 0.24111675126903553 and parameters: {'max_depth': 53, 'n_estimators': 6671}. Best is trial 535 with value: 0.3147208121827411.
[I 2024-02-22 21:30:19,897] Trial 677 finished with value: 0.24111675126903553 and parameters: {'max_depth': 17, 'n_estimators': 316}. Best is trial 535 with value: 0.3147208121827411.
[I 2024-02-22 21:30:36,907] Trial 684 finished with value: 0.24111675126903553 and parameters: {'max_depth': 220, 'n_estimators': 194}. Best is trial 535 with value: 0.3147208121827411.
[I 2024-02-22 21:30:43,131] Trial 683 finished with value: 0.2436548223350254 and parameters: {'max_depth': 50, 'n_estimators': 232}. Best is trial 535 with value: 0.3147208121827411.
[I 2024-02-22 21:30:43,831] Trial 686 finished with value: 0.23857868020304568 and parameters: {'max_depth': 918, 'n_estimators': 182}. Best is trial 535 with value: 0.3147208121827411.
[I 2024-02-22 21:30:46,219] Trial 680 finished with value: 0.24111675126903553 and parameters: {'max_depth': 56, 'n_estimators': 318}. Best is trial 535 with value: 0.3147208121827411.
[I 2024-02-22 21:30:50,377] Trial 685 finished with value: 0.24111675126903553 and parameters: {'max_depth': 54, 'n_estimators': 243}. Best is trial 535 with value: 0.3147208121827411.
[I 2024-02-22 21:30:52,045] Trial 681 finished with value: 0.24111675126903553 and parameters: {'max_depth': 58, 'n_estimators': 312}. Best is trial 535 with value: 0.3147208121827411.
[I 2024-02-22 21:30:52,804] Trial 688 finished with value: 0.23604060913705585 and parameters: {'max_depth': 471, 'n_estimators': 177}. Best is trial 535 with value: 0.3147208121827411.
[I 2024-02-22 21:30:53,381] Trial 682 finished with value: 0.24111675126903553 and parameters: {'max_depth': 55, 'n_estimators': 297}. Best is trial 535 with value: 0.3147208121827411.
[I 2024-02-22 21:30:55,061] Trial 679 finished with value: 0.24111675126903553 and parameters: {'max_depth': 553, 'n_estimators': 360}. Best is trial 535 with value: 0.3147208121827411.
[I 2024-02-22 21:30:56,737] Trial 697 finished with value: 0.31218274111675126 and parameters: {'max_depth': 1, 'n_estimators': 10}. Best is trial 535 with value: 0.3147208121827411.
[I 2024-02-22 21:31:05,904] Trial 693 finished with value: 0.2182741116751269 and parameters: {'max_depth': 62, 'n_estimators': 9}. Best is trial 535 with value: 0.3147208121827411.
[I 2024-02-22 21:31:09,500] Trial 698 finished with value: 0.14974619289340102 and parameters: {'max_depth': 36, 'n_estimators': 2}. Best is trial 535 with value: 0.3147208121827411.
[I 2024-02-22 21:31:12,087] Trial 703 finished with value: 0.2614213197969543 and parameters: {'max_depth': 2, 'n_estimators': 7}. Best is trial 535 with value: 0.3147208121827411.
[I 2024-02-22 21:31:13,587] Trial 695 finished with value: 0.2182741116751269 and parameters: {'max_depth': 57, 'n_estimators': 9}. Best is trial 535 with value: 0.3147208121827411.
[I 2024-02-22 21:31:14,594] Trial 700 finished with value: 0.18274111675126903 and parameters: {'max_depth': 128, 'n_estimators': 4}. Best is trial 535 with value: 0.3147208121827411.
[I 2024-02-22 21:31:26,629] Trial 704 finished with value: 0.1649746192893401 and parameters: {'max_depth': 31, 'n_estimators': 3}. Best is trial 535 with value: 0.3147208121827411.
[I 2024-02-22 21:31:27,859] Trial 635 finished with value: 0.24111675126903553 and parameters: {'max_depth': 33, 'n_estimators': 5675}. Best is trial 535 with value: 0.3147208121827411.
[I 2024-02-22 21:31:29,417] Trial 689 finished with value: 0.23857868020304568 and parameters: {'max_depth': 56, 'n_estimators': 220}. Best is trial 535 with value: 0.3147208121827411.
[I 2024-02-22 21:31:38,742] Trial 702 finished with value: 0.22842639593908629 and parameters: {'max_depth': 1, 'n_estimators': 158}. Best is trial 535 with value: 0.3147208121827411.
[I 2024-02-22 21:31:45,082] Trial 633 finished with value: 0.24111675126903553 and parameters: {'max_depth': 963, 'n_estimators': 5568}. Best is trial 535 with value: 0.3147208121827411.
[I 2024-02-22 21:31:45,519] Trial 701 finished with value: 0.25380710659898476 and parameters: {'max_depth': 955, 'n_estimators': 30}. Best is trial 535 with value: 0.3147208121827411.
[I 2024-02-22 21:31:49,825] Trial 707 finished with value: 0.2436548223350254 and parameters: {'max_depth': 1, 'n_estimators': 150}. Best is trial 535 with value: 0.3147208121827411.
[I 2024-02-22 21:31:51,825] Trial 690 finished with value: 0.23857868020304568 and parameters: {'max_depth': 57, 'n_estimators': 179}. Best is trial 535 with value: 0.3147208121827411.
[I 2024-02-22 21:31:52,707] Trial 631 finished with value: 0.24111675126903553 and parameters: {'max_depth': 37, 'n_estimators': 6735}. Best is trial 535 with value: 0.3147208121827411.
[I 2024-02-22 21:32:02,109] Trial 706 finished with value: 0.22842639593908629 and parameters: {'max_depth': 1, 'n_estimators': 204}. Best is trial 535 with value: 0.3147208121827411.
[I 2024-02-22 21:32:09,375] Trial 705 finished with value: 0.233502538071066 and parameters: {'max_depth': 2, 'n_estimators': 154}. Best is trial 535 with value: 0.3147208121827411.
[I 2024-02-22 21:32:09,905] Trial 708 finished with value: 0.23096446700507614 and parameters: {'max_depth': 1, 'n_estimators': 179}. Best is trial 535 with value: 0.3147208121827411.
