[I 2024-02-22 23:10:42,880] Trial 950 finished with value: 0.24111675126903553 and parameters: {'max_depth': 17, 'n_estimators': 180}. Best is trial 535 with value: 0.3147208121827411.
[I 2024-02-22 23:10:52,144] Trial 902 finished with value: 0.24111675126903553 and parameters: {'max_depth': 47, 'n_estimators': 7368}. Best is trial 535 with value: 0.3147208121827411.
[I 2024-02-22 23:11:02,453] Trial 957 finished with value: 0.2182741116751269 and parameters: {'max_depth': 18, 'n_estimators': 9}. Best is trial 535 with value: 0.3147208121827411.
[I 2024-02-22 23:11:03,289] Trial 956 finished with value: 0.233502538071066 and parameters: {'max_depth': 1, 'n_estimators': 161}. Best is trial 535 with value: 0.3147208121827411.
[I 2024-02-22 23:11:12,905] Trial 953 finished with value: 0.24111675126903553 and parameters: {'max_depth': 18, 'n_estimators': 245}. Best is trial 535 with value: 0.3147208121827411.
[I 2024-02-22 23:11:15,632] Trial 961 finished with value: 0.2918781725888325 and parameters: {'max_depth': 1, 'n_estimators': 5}. Best is trial 535 with value: 0.3147208121827411.
[I 2024-02-22 23:11:32,124] Trial 955 finished with value: 0.24111675126903553 and parameters: {'max_depth': 17, 'n_estimators': 159}. Best is trial 535 with value: 0.3147208121827411.
[I 2024-02-22 23:11:55,270] Trial 960 finished with value: 0.21065989847715735 and parameters: {'max_depth': 1, 'n_estimators': 350}. Best is trial 535 with value: 0.3147208121827411.
[I 2024-02-22 23:14:47,557] Trial 928 finished with value: 0.23096446700507614 and parameters: {'max_depth': 2, 'n_estimators': 4716}. Best is trial 535 with value: 0.3147208121827411.
[I 2024-02-22 23:15:19,632] Trial 943 finished with value: 0.24111675126903553 and parameters: {'max_depth': 35, 'n_estimators': 2945}. Best is trial 535 with value: 0.3147208121827411.
[I 2024-02-22 23:15:41,294] Trial 965 finished with value: 0.2131979695431472 and parameters: {'max_depth': 1, 'n_estimators': 389}. Best is trial 535 with value: 0.3147208121827411.
[I 2024-02-22 23:17:01,815] Trial 967 finished with value: 0.23857868020304568 and parameters: {'max_depth': 21, 'n_estimators': 173}. Best is trial 535 with value: 0.3147208121827411.
[I 2024-02-22 23:17:27,287] Trial 907 finished with value: 0.24111675126903553 and parameters: {'max_depth': 17, 'n_estimators': 9977}. Best is trial 535 with value: 0.3147208121827411.
[I 2024-02-22 23:18:25,774] Trial 969 finished with value: 0.21573604060913706 and parameters: {'max_depth': 1, 'n_estimators': 405}. Best is trial 535 with value: 0.3147208121827411.
[I 2024-02-22 23:19:05,814] Trial 964 finished with value: 0.24111675126903553 and parameters: {'max_depth': 20, 'n_estimators': 2855}. Best is trial 535 with value: 0.3147208121827411.
[I 2024-02-22 23:21:07,184] Trial 925 finished with value: 0.24111675126903553 and parameters: {'max_depth': 15, 'n_estimators': 8893}. Best is trial 535 with value: 0.3147208121827411.
[I 2024-02-22 23:21:40,465] Trial 922 finished with value: 0.20558375634517767 and parameters: {'max_depth': 1, 'n_estimators': 9979}. Best is trial 535 with value: 0.3147208121827411.
[I 2024-02-22 23:22:01,454] Trial 927 finished with value: 0.24111675126903553 and parameters: {'max_depth': 741, 'n_estimators': 8908}. Best is trial 535 with value: 0.3147208121827411.
[I 2024-02-22 23:23:11,509] Trial 924 finished with value: 0.24111675126903553 and parameters: {'max_depth': 15, 'n_estimators': 9990}. Best is trial 535 with value: 0.3147208121827411.
[I 2024-02-22 23:23:18,468] Trial 970 finished with value: 0.24111675126903553 and parameters: {'max_depth': 22, 'n_estimators': 1585}. Best is trial 535 with value: 0.3147208121827411.
[I 2024-02-22 23:23:36,970] Trial 976 finished with value: 0.20050761421319796 and parameters: {'max_depth': 37, 'n_estimators': 7}. Best is trial 535 with value: 0.3147208121827411.
[I 2024-02-22 23:24:10,775] Trial 962 finished with value: 0.23096446700507614 and parameters: {'max_depth': 2, 'n_estimators': 6040}. Best is trial 535 with value: 0.3147208121827411.
[I 2024-02-22 23:24:24,223] Trial 936 finished with value: 0.23096446700507614 and parameters: {'max_depth': 2, 'n_estimators': 8907}. Best is trial 535 with value: 0.3147208121827411.
[I 2024-02-22 23:24:31,338] Trial 978 finished with value: 0.2182741116751269 and parameters: {'max_depth': 31, 'n_estimators': 9}. Best is trial 535 with value: 0.3147208121827411.
[I 2024-02-22 23:25:01,488] Trial 974 finished with value: 0.24111675126903553 and parameters: {'max_depth': 33, 'n_estimators': 632}. Best is trial 535 with value: 0.3147208121827411.
[I 2024-02-22 23:26:01,632] Trial 980 finished with value: 0.24111675126903553 and parameters: {'max_depth': 37, 'n_estimators': 180}. Best is trial 535 with value: 0.3147208121827411.
[I 2024-02-22 23:26:04,585] Trial 982 finished with value: 0.3248730964467005 and parameters: {'max_depth': 1, 'n_estimators': 9}. Best is trial 982 with value: 0.3248730964467005.
Trial 982 finished with best value: 0.3248730964467005 and parameters: {'max_depth': 1, 'n_estimators': 9}. 
[I 2024-02-22 23:26:08,282] Trial 940 finished with value: 0.24111675126903553 and parameters: {'max_depth': 742, 'n_estimators': 8908}. Best is trial 982 with value: 0.3248730964467005.
[I 2024-02-22 23:26:16,415] Trial 983 finished with value: 0.14974619289340102 and parameters: {'max_depth': 20, 'n_estimators': 2}. Best is trial 982 with value: 0.3248730964467005.
[I 2024-02-22 23:26:17,042] Trial 975 finished with value: 0.24111675126903553 and parameters: {'max_depth': 30, 'n_estimators': 571}. Best is trial 982 with value: 0.3248730964467005.
[I 2024-02-22 23:26:28,887] Trial 984 finished with value: 0.20812182741116753 and parameters: {'max_depth': 20, 'n_estimators': 8}. Best is trial 982 with value: 0.3248730964467005.
[I 2024-02-22 23:26:37,140] Trial 987 finished with value: 0.12690355329949238 and parameters: {'max_depth': 19, 'n_estimators': 1}. Best is trial 982 with value: 0.3248730964467005.
[I 2024-02-22 23:26:42,026] Trial 977 finished with value: 0.24111675126903553 and parameters: {'max_depth': 29, 'n_estimators': 568}. Best is trial 982 with value: 0.3248730964467005.
[I 2024-02-22 23:26:49,136] Trial 973 finished with value: 0.24111675126903553 and parameters: {'max_depth': 30, 'n_estimators': 1371}. Best is trial 982 with value: 0.3248730964467005.
[I 2024-02-22 23:27:11,730] Trial 981 finished with value: 0.2436548223350254 and parameters: {'max_depth': 48, 'n_estimators': 359}. Best is trial 982 with value: 0.3248730964467005.
[I 2024-02-22 23:27:14,285] Trial 991 finished with value: 0.20812182741116753 and parameters: {'max_depth': 2, 'n_estimators': 2}. Best is trial 982 with value: 0.3248730964467005.
[I 2024-02-22 23:27:40,633] Trial 988 finished with value: 0.21065989847715735 and parameters: {'max_depth': 1, 'n_estimators': 379}. Best is trial 982 with value: 0.3248730964467005.
[I 2024-02-22 23:27:43,784] Trial 979 finished with value: 0.23857868020304568 and parameters: {'max_depth': 32, 'n_estimators': 617}. Best is trial 982 with value: 0.3248730964467005.
[I 2024-02-22 23:28:13,509] Trial 989 finished with value: 0.23604060913705585 and parameters: {'max_depth': 2, 'n_estimators': 359}. Best is trial 982 with value: 0.3248730964467005.
[I 2024-02-22 23:28:24,140] Trial 985 finished with value: 0.2436548223350254 and parameters: {'max_depth': 16, 'n_estimators': 363}. Best is trial 982 with value: 0.3248730964467005.
[I 2024-02-22 23:28:28,255] Trial 986 finished with value: 0.2436548223350254 and parameters: {'max_depth': 20, 'n_estimators': 363}. Best is trial 982 with value: 0.3248730964467005.
[I 2024-02-22 23:28:35,330] Trial 990 finished with value: 0.24873096446700507 and parameters: {'max_depth': 3, 'n_estimators': 341}. Best is trial 982 with value: 0.3248730964467005.
[I 2024-02-22 23:28:38,681] Trial 992 finished with value: 0.23857868020304568 and parameters: {'max_depth': 2, 'n_estimators': 335}. Best is trial 982 with value: 0.3248730964467005.
[I 2024-02-22 23:28:54,610] Trial 999 finished with value: 0.20558375634517767 and parameters: {'max_depth': 50, 'n_estimators': 6}. Best is trial 982 with value: 0.3248730964467005.
[I 2024-02-22 23:28:55,646] Trial 996 finished with value: 0.22081218274111675 and parameters: {'max_depth': 1, 'n_estimators': 200}. Best is trial 982 with value: 0.3248730964467005.
[I 2024-02-22 23:28:57,558] Trial 997 finished with value: 0.23096446700507614 and parameters: {'max_depth': 1, 'n_estimators': 185}. Best is trial 982 with value: 0.3248730964467005.
[I 2024-02-22 23:29:02,241] Trial 998 finished with value: 0.22588832487309646 and parameters: {'max_depth': 1, 'n_estimators': 172}. Best is trial 982 with value: 0.3248730964467005.
[I 2024-02-22 23:29:07,448] Trial 951 finished with value: 0.24111675126903553 and parameters: {'max_depth': 19, 'n_estimators': 8879}. Best is trial 982 with value: 0.3248730964467005.
[I 2024-02-22 23:29:09,149] Trial 993 finished with value: 0.2436548223350254 and parameters: {'max_depth': 18, 'n_estimators': 214}. Best is trial 982 with value: 0.3248730964467005.
[I 2024-02-22 23:29:16,441] Trial 966 finished with value: 0.24111675126903553 and parameters: {'max_depth': 20, 'n_estimators': 6009}. Best is trial 982 with value: 0.3248730964467005.
[I 2024-02-22 23:29:20,212] Trial 995 finished with value: 0.2436548223350254 and parameters: {'max_depth': 252, 'n_estimators': 193}. Best is trial 982 with value: 0.3248730964467005.
[I 2024-02-22 23:29:21,766] Trial 963 finished with value: 0.20558375634517767 and parameters: {'max_depth': 1, 'n_estimators': 8911}. Best is trial 982 with value: 0.3248730964467005.
[I 2024-02-22 23:29:31,765] Trial 958 finished with value: 0.24111675126903553 and parameters: {'max_depth': 18, 'n_estimators': 8960}. Best is trial 982 with value: 0.3248730964467005.
[I 2024-02-22 23:29:36,925] Trial 949 finished with value: 0.24111675126903553 and parameters: {'max_depth': 19, 'n_estimators': 9985}. Best is trial 982 with value: 0.3248730964467005.
[I 2024-02-22 23:29:53,989] Trial 959 finished with value: 0.24111675126903553 and parameters: {'max_depth': 16, 'n_estimators': 9998}. Best is trial 982 with value: 0.3248730964467005.
[I 2024-02-22 23:29:56,439] Trial 971 finished with value: 0.24111675126903553 and parameters: {'max_depth': 30, 'n_estimators': 6113}. Best is trial 982 with value: 0.3248730964467005.
[I 2024-02-22 23:30:07,487] Trial 972 finished with value: 0.24111675126903553 and parameters: {'max_depth': 33, 'n_estimators': 5974}. Best is trial 982 with value: 0.3248730964467005.
[I 2024-02-22 23:30:12,169] Trial 968 finished with value: 0.20558375634517767 and parameters: {'max_depth': 1, 'n_estimators': 8939}. Best is trial 982 with value: 0.3248730964467005.
[I 2024-02-22 23:30:41,025] Trial 994 finished with value: 0.24111675126903553 and parameters: {'max_depth': 247, 'n_estimators': 6285}. Best is trial 982 with value: 0.3248730964467005.

Process finished with exit code 0
