[I 2024-02-22 22:28:00,947] Trial 828 finished with value: 0.24111675126903553 and parameters: {'max_depth': 48, 'n_estimators': 750}. Best is trial 535 with value: 0.3147208121827411.
[I 2024-02-22 22:28:09,624] Trial 838 finished with value: 0.12690355329949238 and parameters: {'max_depth': 17, 'n_estimators': 1}. Best is trial 535 with value: 0.3147208121827411.
[I 2024-02-22 22:28:44,880] Trial 834 finished with value: 0.23857868020304568 and parameters: {'max_depth': 16, 'n_estimators': 176}. Best is trial 535 with value: 0.3147208121827411.
[I 2024-02-22 22:29:08,301] Trial 830 finished with value: 0.20050761421319796 and parameters: {'max_depth': 1, 'n_estimators': 1211}. Best is trial 535 with value: 0.3147208121827411.
[I 2024-02-22 22:29:33,134] Trial 837 finished with value: 0.2436548223350254 and parameters: {'max_depth': 20, 'n_estimators': 216}. Best is trial 535 with value: 0.3147208121827411.
[I 2024-02-22 22:29:40,163] Trial 796 finished with value: 0.20558375634517767 and parameters: {'max_depth': 1, 'n_estimators': 9671}. Best is trial 535 with value: 0.3147208121827411.
[I 2024-02-22 22:29:53,002] Trial 795 finished with value: 0.24111675126903553 and parameters: {'max_depth': 40, 'n_estimators': 9696}. Best is trial 535 with value: 0.3147208121827411.
[I 2024-02-22 22:30:52,112] Trial 840 finished with value: 0.24111675126903553 and parameters: {'max_depth': 19, 'n_estimators': 294}. Best is trial 535 with value: 0.3147208121827411.
[I 2024-02-22 22:31:17,420] Trial 842 finished with value: 0.24111675126903553 and parameters: {'max_depth': 61, 'n_estimators': 211}. Best is trial 535 with value: 0.3147208121827411.
[I 2024-02-22 22:31:29,546] Trial 846 finished with value: 0.14974619289340102 and parameters: {'max_depth': 61, 'n_estimators': 2}. Best is trial 535 with value: 0.3147208121827411.
[I 2024-02-22 22:32:08,926] Trial 844 finished with value: 0.2436548223350254 and parameters: {'max_depth': 20, 'n_estimators': 333}. Best is trial 535 with value: 0.3147208121827411.
[I 2024-02-22 22:32:10,691] Trial 832 finished with value: 0.24111675126903553 and parameters: {'max_depth': 788, 'n_estimators': 1822}. Best is trial 535 with value: 0.3147208121827411.
[I 2024-02-22 22:33:16,267] Trial 845 finished with value: 0.24111675126903553 and parameters: {'max_depth': 70, 'n_estimators': 349}. Best is trial 535 with value: 0.3147208121827411.
[I 2024-02-22 22:33:45,802] Trial 847 finished with value: 0.24111675126903553 and parameters: {'max_depth': 20, 'n_estimators': 347}. Best is trial 535 with value: 0.3147208121827411.
[I 2024-02-22 22:33:58,377] Trial 805 finished with value: 0.23096446700507614 and parameters: {'max_depth': 2, 'n_estimators': 8250}. Best is trial 535 with value: 0.3147208121827411.
[I 2024-02-22 22:34:26,767] Trial 849 finished with value: 0.23857868020304568 and parameters: {'max_depth': 19, 'n_estimators': 338}. Best is trial 535 with value: 0.3147208121827411.
[I 2024-02-22 22:35:25,571] Trial 851 finished with value: 0.24111675126903553 and parameters: {'max_depth': 52, 'n_estimators': 187}. Best is trial 535 with value: 0.3147208121827411.
[I 2024-02-22 22:35:45,532] Trial 854 finished with value: 0.20812182741116753 and parameters: {'max_depth': 288, 'n_estimators': 8}. Best is trial 535 with value: 0.3147208121827411.
[I 2024-02-22 22:35:45,949] Trial 852 finished with value: 0.2436548223350254 and parameters: {'max_depth': 425, 'n_estimators': 204}. Best is trial 535 with value: 0.3147208121827411.
[I 2024-02-22 22:36:18,624] Trial 850 finished with value: 0.23857868020304568 and parameters: {'max_depth': 19, 'n_estimators': 499}. Best is trial 535 with value: 0.3147208121827411.
[I 2024-02-22 22:36:32,336] Trial 857 finished with value: 0.1649746192893401 and parameters: {'max_depth': 50, 'n_estimators': 3}. Best is trial 535 with value: 0.3147208121827411.
[I 2024-02-22 22:36:57,732] Trial 831 finished with value: 0.24111675126903553 and parameters: {'max_depth': 17, 'n_estimators': 3822}. Best is trial 535 with value: 0.3147208121827411.
[I 2024-02-22 22:37:19,627] Trial 808 finished with value: 0.24111675126903553 and parameters: {'max_depth': 24, 'n_estimators': 8236}. Best is trial 535 with value: 0.3147208121827411.
[I 2024-02-22 22:37:43,793] Trial 809 finished with value: 0.24111675126903553 and parameters: {'max_depth': 20, 'n_estimators': 8279}. Best is trial 535 with value: 0.3147208121827411.
[I 2024-02-22 22:39:00,059] Trial 856 finished with value: 0.24111675126903553 and parameters: {'max_depth': 23, 'n_estimators': 574}. Best is trial 535 with value: 0.3147208121827411.
[I 2024-02-22 22:39:39,884] Trial 858 finished with value: 0.24111675126903553 and parameters: {'max_depth': 29, 'n_estimators': 538}. Best is trial 535 with value: 0.3147208121827411.
[I 2024-02-22 22:40:36,495] Trial 862 finished with value: 0.23857868020304568 and parameters: {'max_depth': 47, 'n_estimators': 173}. Best is trial 535 with value: 0.3147208121827411.
[I 2024-02-22 22:41:18,865] Trial 863 finished with value: 0.23857868020304568 and parameters: {'max_depth': 45, 'n_estimators': 185}. Best is trial 535 with value: 0.3147208121827411.
[I 2024-02-22 22:41:37,798] Trial 865 finished with value: 0.20050761421319796 and parameters: {'max_depth': 58, 'n_estimators': 7}. Best is trial 535 with value: 0.3147208121827411.
[I 2024-02-22 22:41:40,643] Trial 866 finished with value: 0.24619289340101522 and parameters: {'max_depth': 2, 'n_estimators': 3}. Best is trial 535 with value: 0.3147208121827411.
[I 2024-02-22 22:42:16,223] Trial 860 finished with value: 0.24111675126903553 and parameters: {'max_depth': 38, 'n_estimators': 1050}. Best is trial 535 with value: 0.3147208121827411.
[I 2024-02-22 22:43:15,108] Trial 813 finished with value: 0.24111675126903553 and parameters: {'max_depth': 20, 'n_estimators': 9439}. Best is trial 535 with value: 0.3147208121827411.
[I 2024-02-22 22:43:58,849] Trial 867 finished with value: 0.2436548223350254 and parameters: {'max_depth': 37, 'n_estimators': 375}. Best is trial 535 with value: 0.3147208121827411.
[I 2024-02-22 22:44:19,315] Trial 869 finished with value: 0.21065989847715735 and parameters: {'max_depth': 1, 'n_estimators': 371}. Best is trial 535 with value: 0.3147208121827411.
[I 2024-02-22 22:44:51,013] Trial 826 finished with value: 0.24111675126903553 and parameters: {'max_depth': 22, 'n_estimators': 8221}. Best is trial 535 with value: 0.3147208121827411.
[I 2024-02-22 22:44:58,452] Trial 853 finished with value: 0.24111675126903553 and parameters: {'max_depth': 50, 'n_estimators': 3754}. Best is trial 535 with value: 0.3147208121827411.
[I 2024-02-22 22:45:13,820] Trial 864 finished with value: 0.24111675126903553 and parameters: {'max_depth': 66, 'n_estimators': 1075}. Best is trial 535 with value: 0.3147208121827411.
[I 2024-02-22 22:46:16,133] Trial 871 finished with value: 0.24111675126903553 and parameters: {'max_depth': 64, 'n_estimators': 250}. Best is trial 535 with value: 0.3147208121827411.
[I 2024-02-22 22:46:18,870] Trial 875 finished with value: 0.2512690355329949 and parameters: {'max_depth': 2, 'n_estimators': 4}. Best is trial 535 with value: 0.3147208121827411.
[I 2024-02-22 22:46:30,179] Trial 872 finished with value: 0.2436548223350254 and parameters: {'max_depth': 371, 'n_estimators': 193}. Best is trial 535 with value: 0.3147208121827411.
[I 2024-02-22 22:46:38,608] Trial 873 finished with value: 0.2436548223350254 and parameters: {'max_depth': 375, 'n_estimators': 201}. Best is trial 535 with value: 0.3147208121827411.
[I 2024-02-22 22:46:40,435] Trial 878 finished with value: 0.24111675126903553 and parameters: {'max_depth': 1, 'n_estimators': 1}. Best is trial 535 with value: 0.3147208121827411.
[I 2024-02-22 22:47:48,267] Trial 829 finished with value: 0.24111675126903553 and parameters: {'max_depth': 18, 'n_estimators': 9402}. Best is trial 535 with value: 0.3147208121827411.
[I 2024-02-22 22:47:54,600] Trial 876 finished with value: 0.24111675126903553 and parameters: {'max_depth': 33, 'n_estimators': 188}. Best is trial 535 with value: 0.3147208121827411.
[I 2024-02-22 22:48:04,834] Trial 833 finished with value: 0.24111675126903553 and parameters: {'max_depth': 790, 'n_estimators': 8288}. Best is trial 535 with value: 0.3147208121827411.
[I 2024-02-22 22:48:11,866] Trial 879 finished with value: 0.20812182741116753 and parameters: {'max_depth': 1, 'n_estimators': 557}. Best is trial 535 with value: 0.3147208121827411.
[I 2024-02-22 22:48:28,002] Trial 827 finished with value: 0.24111675126903553 and parameters: {'max_depth': 45, 'n_estimators': 9377}. Best is trial 535 with value: 0.3147208121827411.
[I 2024-02-22 22:48:46,048] Trial 839 finished with value: 0.24111675126903553 and parameters: {'max_depth': 20, 'n_estimators': 8247}. Best is trial 535 with value: 0.3147208121827411.
[I 2024-02-22 22:49:17,189] Trial 880 finished with value: 0.20812182741116753 and parameters: {'max_depth': 1, 'n_estimators': 556}. Best is trial 535 with value: 0.3147208121827411.
[I 2024-02-22 22:49:20,153] Trial 883 finished with value: 0.21065989847715735 and parameters: {'max_depth': 1, 'n_estimators': 412}. Best is trial 535 with value: 0.3147208121827411.
[I 2024-02-22 22:49:25,647] Trial 877 finished with value: 0.24111675126903553 and parameters: {'max_depth': 32, 'n_estimators': 552}. Best is trial 535 with value: 0.3147208121827411.
[I 2024-02-22 22:49:34,646] Trial 887 finished with value: 0.18274111675126903 and parameters: {'max_depth': 696, 'n_estimators': 4}. Best is trial 535 with value: 0.3147208121827411.
[I 2024-02-22 22:49:39,101] Trial 884 finished with value: 0.22081218274111675 and parameters: {'max_depth': 1, 'n_estimators': 397}. Best is trial 535 with value: 0.3147208121827411.
[I 2024-02-22 22:50:24,176] Trial 886 finished with value: 0.21065989847715735 and parameters: {'max_depth': 1, 'n_estimators': 369}. Best is trial 535 with value: 0.3147208121827411.
[I 2024-02-22 22:50:48,834] Trial 841 finished with value: 0.24111675126903553 and parameters: {'max_depth': 59, 'n_estimators': 8243}. Best is trial 535 with value: 0.3147208121827411.
[I 2024-02-22 22:51:06,087] Trial 881 finished with value: 0.23604060913705585 and parameters: {'max_depth': 31, 'n_estimators': 527}. Best is trial 535 with value: 0.3147208121827411.
[I 2024-02-22 22:51:10,357] Trial 888 finished with value: 0.23857868020304568 and parameters: {'max_depth': 31, 'n_estimators': 182}. Best is trial 535 with value: 0.3147208121827411.
[I 2024-02-22 22:51:27,711] Trial 889 finished with value: 0.2436548223350254 and parameters: {'max_depth': 33, 'n_estimators': 216}. Best is trial 535 with value: 0.3147208121827411.
[I 2024-02-22 22:51:31,754] Trial 890 finished with value: 0.24111675126903553 and parameters: {'max_depth': 72, 'n_estimators': 191}. Best is trial 535 with value: 0.3147208121827411.
[I 2024-02-22 22:51:37,960] Trial 882 finished with value: 0.24111675126903553 and parameters: {'max_depth': 30, 'n_estimators': 618}. Best is trial 535 with value: 0.3147208121827411.
[I 2024-02-22 22:51:58,488] Trial 897 finished with value: 0.20558375634517767 and parameters: {'max_depth': 875, 'n_estimators': 6}. Best is trial 535 with value: 0.3147208121827411.
[I 2024-02-22 22:52:14,645] Trial 898 finished with value: 0.1649746192893401 and parameters: {'max_depth': 721, 'n_estimators': 3}. Best is trial 535 with value: 0.3147208121827411.
[I 2024-02-22 22:52:15,991] Trial 891 finished with value: 0.23857868020304568 and parameters: {'max_depth': 66, 'n_estimators': 186}. Best is trial 535 with value: 0.3147208121827411.
[I 2024-02-22 22:52:24,848] Trial 900 finished with value: 0.12690355329949238 and parameters: {'max_depth': 19, 'n_estimators': 1}. Best is trial 535 with value: 0.3147208121827411.
[I 2024-02-22 22:52:48,109] Trial 892 finished with value: 0.23857868020304568 and parameters: {'max_depth': 33, 'n_estimators': 179}. Best is trial 535 with value: 0.3147208121827411.
[I 2024-02-22 22:53:06,138] Trial 893 finished with value: 0.23857868020304568 and parameters: {'max_depth': 34, 'n_estimators': 185}. Best is trial 535 with value: 0.3147208121827411.
[I 2024-02-22 22:53:25,906] Trial 895 finished with value: 0.2436548223350254 and parameters: {'max_depth': 66, 'n_estimators': 199}. Best is trial 535 with value: 0.3147208121827411.
[I 2024-02-22 22:53:43,044] Trial 843 finished with value: 0.24111675126903553 and parameters: {'max_depth': 60, 'n_estimators': 9347}. Best is trial 535 with value: 0.3147208121827411.
[I 2024-02-22 22:54:01,545] Trial 899 finished with value: 0.24111675126903553 and parameters: {'max_depth': 18, 'n_estimators': 190}. Best is trial 535 with value: 0.3147208121827411.
[I 2024-02-22 22:55:03,880] Trial 855 finished with value: 0.24111675126903553 and parameters: {'max_depth': 420, 'n_estimators': 7400}. Best is trial 535 with value: 0.3147208121827411.
[I 2024-02-22 22:55:49,070] Trial 904 finished with value: 0.24111675126903553 and parameters: {'max_depth': 17, 'n_estimators': 372}. Best is trial 535 with value: 0.3147208121827411.
[I 2024-02-22 22:56:04,716] Trial 848 finished with value: 0.24111675126903553 and parameters: {'max_depth': 19, 'n_estimators': 9405}. Best is trial 535 with value: 0.3147208121827411.
[I 2024-02-22 22:56:09,264] Trial 905 finished with value: 0.2436548223350254 and parameters: {'max_depth': 19, 'n_estimators': 377}. Best is trial 535 with value: 0.3147208121827411.
[I 2024-02-22 22:56:16,745] Trial 906 finished with value: 0.24111675126903553 and parameters: {'max_depth': 19, 'n_estimators': 342}. Best is trial 535 with value: 0.3147208121827411.
[I 2024-02-22 22:57:57,684] Trial 908 finished with value: 0.2436548223350254 and parameters: {'max_depth': 827, 'n_estimators': 369}. Best is trial 535 with value: 0.3147208121827411.
[I 2024-02-22 22:58:14,277] Trial 909 finished with value: 0.2436548223350254 and parameters: {'max_depth': 45, 'n_estimators': 374}. Best is trial 535 with value: 0.3147208121827411.
[I 2024-02-22 22:58:21,877] Trial 911 finished with value: 0.24111675126903553 and parameters: {'max_depth': 42, 'n_estimators': 346}. Best is trial 535 with value: 0.3147208121827411.
[I 2024-02-22 22:58:27,038] Trial 912 finished with value: 0.2233502538071066 and parameters: {'max_depth': 1, 'n_estimators': 191}. Best is trial 535 with value: 0.3147208121827411.
[I 2024-02-22 22:59:44,234] Trial 915 finished with value: 0.23604060913705585 and parameters: {'max_depth': 52, 'n_estimators': 167}. Best is trial 535 with value: 0.3147208121827411.
[I 2024-02-22 22:59:47,584] Trial 910 finished with value: 0.24111675126903553 and parameters: {'max_depth': 47, 'n_estimators': 794}. Best is trial 535 with value: 0.3147208121827411.
[I 2024-02-22 22:59:49,416] Trial 917 finished with value: 0.2766497461928934 and parameters: {'max_depth': 1, 'n_estimators': 2}. Best is trial 535 with value: 0.3147208121827411.
[I 2024-02-22 22:59:57,045] Trial 901 finished with value: 0.24111675126903553 and parameters: {'max_depth': 43, 'n_estimators': 2447}. Best is trial 535 with value: 0.3147208121827411.
[I 2024-02-22 23:00:13,918] Trial 919 finished with value: 0.20050761421319796 and parameters: {'max_depth': 16, 'n_estimators': 7}. Best is trial 535 with value: 0.3147208121827411.
[I 2024-02-22 23:00:19,746] Trial 914 finished with value: 0.20812182741116753 and parameters: {'max_depth': 1, 'n_estimators': 767}. Best is trial 535 with value: 0.3147208121827411.
[I 2024-02-22 23:00:23,246] Trial 861 finished with value: 0.20558375634517767 and parameters: {'max_depth': 1, 'n_estimators': 9319}. Best is trial 535 with value: 0.3147208121827411.
[I 2024-02-22 23:00:43,499] Trial 859 finished with value: 0.24111675126903553 and parameters: {'max_depth': 32, 'n_estimators': 9407}. Best is trial 535 with value: 0.3147208121827411.
[I 2024-02-22 23:01:30,550] Trial 923 finished with value: 0.23857868020304568 and parameters: {'max_depth': 2, 'n_estimators': 178}. Best is trial 535 with value: 0.3147208121827411.
[I 2024-02-22 23:01:42,793] Trial 921 finished with value: 0.23604060913705585 and parameters: {'max_depth': 21, 'n_estimators': 169}. Best is trial 535 with value: 0.3147208121827411.
[I 2024-02-22 23:03:06,353] Trial 894 finished with value: 0.24111675126903553 and parameters: {'max_depth': 77, 'n_estimators': 4293}. Best is trial 535 with value: 0.3147208121827411.
[I 2024-02-22 23:03:08,616] Trial 916 finished with value: 0.24111675126903553 and parameters: {'max_depth': 79, 'n_estimators': 776}. Best is trial 535 with value: 0.3147208121827411.
[I 2024-02-22 23:03:10,101] Trial 918 finished with value: 0.24111675126903553 and parameters: {'max_depth': 768, 'n_estimators': 706}. Best is trial 535 with value: 0.3147208121827411.
[I 2024-02-22 23:03:17,613] Trial 926 finished with value: 0.14974619289340102 and parameters: {'max_depth': 763, 'n_estimators': 2}. Best is trial 535 with value: 0.3147208121827411.
[I 2024-02-22 23:03:23,597] Trial 920 finished with value: 0.24111675126903553 and parameters: {'max_depth': 17, 'n_estimators': 668}. Best is trial 535 with value: 0.3147208121827411.
[I 2024-02-22 23:04:10,031] Trial 874 finished with value: 0.24111675126903553 and parameters: {'max_depth': 17, 'n_estimators': 7387}. Best is trial 535 with value: 0.3147208121827411.
[I 2024-02-22 23:04:11,710] Trial 931 finished with value: 0.24111675126903553 and parameters: {'max_depth': 1, 'n_estimators': 1}. Best is trial 535 with value: 0.3147208121827411.
[I 2024-02-22 23:04:22,773] Trial 903 finished with value: 0.24111675126903553 and parameters: {'max_depth': 18, 'n_estimators': 4248}. Best is trial 535 with value: 0.3147208121827411.
[I 2024-02-22 23:04:30,499] Trial 933 finished with value: 0.12690355329949238 and parameters: {'max_depth': 810, 'n_estimators': 1}. Best is trial 535 with value: 0.3147208121827411.
[I 2024-02-22 23:04:30,569] Trial 896 finished with value: 0.24111675126903553 and parameters: {'max_depth': 872, 'n_estimators': 4810}. Best is trial 535 with value: 0.3147208121827411.
[I 2024-02-22 23:04:37,137] Trial 868 finished with value: 0.20558375634517767 and parameters: {'max_depth': 1, 'n_estimators': 9292}. Best is trial 535 with value: 0.3147208121827411.
[I 2024-02-22 23:05:15,337] Trial 929 finished with value: 0.2436548223350254 and parameters: {'max_depth': 2, 'n_estimators': 485}. Best is trial 535 with value: 0.3147208121827411.
[I 2024-02-22 23:05:52,228] Trial 934 finished with value: 0.2131979695431472 and parameters: {'max_depth': 1, 'n_estimators': 502}. Best is trial 535 with value: 0.3147208121827411.
[I 2024-02-22 23:05:55,914] Trial 930 finished with value: 0.23857868020304568 and parameters: {'max_depth': 897, 'n_estimators': 514}. Best is trial 535 with value: 0.3147208121827411.
[I 2024-02-22 23:06:00,240] Trial 938 finished with value: 0.12690355329949238 and parameters: {'max_depth': 32, 'n_estimators': 1}. Best is trial 535 with value: 0.3147208121827411.
[I 2024-02-22 23:06:10,508] Trial 885 finished with value: 0.20558375634517767 and parameters: {'max_depth': 1, 'n_estimators': 7484}. Best is trial 535 with value: 0.3147208121827411.
[I 2024-02-22 23:06:51,274] Trial 932 finished with value: 0.23604060913705585 and parameters: {'max_depth': 902, 'n_estimators': 487}. Best is trial 535 with value: 0.3147208121827411.
[I 2024-02-22 23:07:11,142] Trial 935 finished with value: 0.23604060913705585 and parameters: {'max_depth': 17, 'n_estimators': 481}. Best is trial 535 with value: 0.3147208121827411.
[I 2024-02-22 23:07:21,036] Trial 870 finished with value: 0.24111675126903553 and parameters: {'max_depth': 71, 'n_estimators': 9338}. Best is trial 535 with value: 0.3147208121827411.
[I 2024-02-22 23:07:28,420] Trial 937 finished with value: 0.23857868020304568 and parameters: {'max_depth': 31, 'n_estimators': 351}. Best is trial 535 with value: 0.3147208121827411.
[I 2024-02-22 23:07:52,684] Trial 939 finished with value: 0.24111675126903553 and parameters: {'max_depth': 744, 'n_estimators': 290}. Best is trial 535 with value: 0.3147208121827411.
[I 2024-02-22 23:08:12,083] Trial 941 finished with value: 0.2436548223350254 and parameters: {'max_depth': 22, 'n_estimators': 301}. Best is trial 535 with value: 0.3147208121827411.
[I 2024-02-22 23:08:51,409] Trial 942 finished with value: 0.24111675126903553 and parameters: {'max_depth': 29, 'n_estimators': 273}. Best is trial 535 with value: 0.3147208121827411.
[I 2024-02-22 23:09:04,259] Trial 948 finished with value: 0.1649746192893401 and parameters: {'max_depth': 47, 'n_estimators': 3}. Best is trial 535 with value: 0.3147208121827411.
[I 2024-02-22 23:09:11,895] Trial 944 finished with value: 0.2436548223350254 and parameters: {'max_depth': 33, 'n_estimators': 229}. Best is trial 535 with value: 0.3147208121827411.
[I 2024-02-22 23:09:16,134] Trial 945 finished with value: 0.24111675126903553 and parameters: {'max_depth': 734, 'n_estimators': 215}. Best is trial 535 with value: 0.3147208121827411.
[I 2024-02-22 23:09:27,462] Trial 946 finished with value: 0.23857868020304568 and parameters: {'max_depth': 46, 'n_estimators': 183}. Best is trial 535 with value: 0.3147208121827411.
[I 2024-02-22 23:09:29,410] Trial 952 finished with value: 0.2766497461928934 and parameters: {'max_depth': 1, 'n_estimators': 2}. Best is trial 535 with value: 0.3147208121827411.
[I 2024-02-22 23:09:43,887] Trial 947 finished with value: 0.23857868020304568 and parameters: {'max_depth': 45, 'n_estimators': 173}. Best is trial 535 with value: 0.3147208121827411.
[I 2024-02-22 23:10:13,219] Trial 913 finished with value: 0.24111675126903553 and parameters: {'max_depth': 44, 'n_estimators': 4830}. Best is trial 535 with value: 0.3147208121827411.
[I 2024-02-22 23:10:35,160] Trial 954 finished with value: 0.23096446700507614 and parameters: {'max_depth': 2, 'n_estimators': 196}. Best is trial 535 with value: 0.3147208121827411.
