--------------------------Start MOPSO optimization--------------------------
A new study created in memory with name: algs_para_setting
Trial 2 finished with value: 3.817503116016616 and parameters: {'omega': 0.08752363923225703, 'c1': 0.5745562972259644, 'c2': 0.4925916513761587, 'v_coeff': 0.3093694197854113}. Best is trial 2 with value: 3.817503116016616.
Trial 2 finished with best value: 3.817503116016616 and parameters: {'omega': 0.08752363923225703, 'c1': 0.5745562972259644, 'c2': 0.4925916513761587, 'v_coeff': 0.3093694197854113}. 
Trial 5 finished with best value: 3.765277361493419 and parameters: {'omega': 0.9201606397066144, 'c1': 0.6106131608627479, 'c2': 0.3869572667424739, 'v_coeff': 0.8665855386621026}. 
Trial 5 finished with value: 3.765277361493419 and parameters: {'omega': 0.9201606397066144, 'c1': 0.6106131608627479, 'c2': 0.3869572667424739, 'v_coeff': 0.8665855386621026}. Best is trial 5 with value: 3.765277361493419.
Trial 13 finished with value: 3.2127234202521184 and parameters: {'omega': 0.8927319875799021, 'c1': 0.901887519924735, 'c2': 0.7322944564445182, 'v_coeff': 0.6699006798040579}. Best is trial 13 with value: 3.2127234202521184.
Trial 13 finished with best value: 3.2127234202521184 and parameters: {'omega': 0.8927319875799021, 'c1': 0.901887519924735, 'c2': 0.7322944564445182, 'v_coeff': 0.6699006798040579}. 
Trial 10 finished with value: 2.9882603349707986 and parameters: {'omega': 0.7773046348487817, 'c1': 0.49824063417424413, 'c2': 0.8946685175060127, 'v_coeff': 0.7149615087831342}. Best is trial 10 with value: 2.9882603349707986.
Trial 10 finished with best value: 2.9882603349707986 and parameters: {'omega': 0.7773046348487817, 'c1': 0.49824063417424413, 'c2': 0.8946685175060127, 'v_coeff': 0.7149615087831342}. 
Trial 12 finished with value: 3.5819080504204996 and parameters: {'omega': 0.9944271824221619, 'c1': 0.7576211307303373, 'c2': 0.7966387677412055, 'v_coeff': 0.505631182082761}. Best is trial 10 with value: 2.9882603349707986.
Trial 4 finished with value: 3.6489103178701203 and parameters: {'omega': 0.10466740531260077, 'c1': 0.5053210854851901, 'c2': 0.2902064408714544, 'v_coeff': 0.5328790845650098}. Best is trial 10 with value: 2.9882603349707986.
Trial 3 finished with value: 3.947275764448817 and parameters: {'omega': 0.39204397443026395, 'c1': 0.8386885988797402, 'c2': 0.25936569042486035, 'v_coeff': 0.8486956712889587}. Best is trial 10 with value: 2.9882603349707986.
Trial 11 finished with best value: 2.6486992115177057 and parameters: {'omega': 0.5576567079270618, 'c1': 0.4919490160740244, 'c2': 0.043550615690279626, 'v_coeff': 0.11013905750896646}. 
Trial 11 finished with value: 2.6486992115177057 and parameters: {'omega': 0.5576567079270618, 'c1': 0.4919490160740244, 'c2': 0.043550615690279626, 'v_coeff': 0.11013905750896646}. Best is trial 11 with value: 2.6486992115177057.
Trial 15 finished with best value: 1.005504036829561 and parameters: {'omega': 0.9558258772450365, 'c1': 0.43411403729135334, 'c2': 0.038517637014301664, 'v_coeff': 0.7974446047692315}. 
Trial 15 finished with value: 1.005504036829561 and parameters: {'omega': 0.9558258772450365, 'c1': 0.43411403729135334, 'c2': 0.038517637014301664, 'v_coeff': 0.7974446047692315}. Best is trial 15 with value: 1.005504036829561.
Trial 14 finished with value: 4.402507553252181 and parameters: {'omega': 0.0626239782506176, 'c1': 0.8237855225661628, 'c2': 0.8659971952918222, 'v_coeff': 0.5254495214558338}. Best is trial 15 with value: 1.005504036829561.
Trial 6 finished with value: 4.105658894626365 and parameters: {'omega': 0.29260946577590996, 'c1': 0.6307884700853237, 'c2': 0.30364653470969993, 'v_coeff': 0.36516582686030785}. Best is trial 15 with value: 1.005504036829561.
Trial 7 finished with value: 1.8119556464389925 and parameters: {'omega': 0.8356337312748515, 'c1': 0.7099991226977372, 'c2': 0.35549632248422036, 'v_coeff': 0.9728131945021982}. Best is trial 15 with value: 1.005504036829561.
Trial 0 finished with value: 3.0668124529523357 and parameters: {'omega': 0.5686636899741064, 'c1': 0.894154178223723, 'c2': 0.019532911013346088, 'v_coeff': 0.992122528654767}. Best is trial 15 with value: 1.005504036829561.
Trial 8 finished with value: 4.233751865739705 and parameters: {'omega': 0.5751838222160289, 'c1': 0.4136889736794892, 'c2': 0.6802791913600772, 'v_coeff': 0.2015073079350933}. Best is trial 15 with value: 1.005504036829561.
Trial 1 finished with value: 4.0252478669912275 and parameters: {'omega': 0.09687772977796427, 'c1': 0.5216669721521522, 'c2': 0.7311232835436045, 'v_coeff': 0.10975512064488913}. Best is trial 15 with value: 1.005504036829561.
Trial 9 finished with value: 4.402314895729119 and parameters: {'omega': 0.377034698111545, 'c1': 0.8829252957225715, 'c2': 0.660237254213763, 'v_coeff': 0.9405361117319975}. Best is trial 15 with value: 1.005504036829561.
Trial 17 finished with value: 2.9603628300147737 and parameters: {'omega': 0.8163211712325334, 'c1': 0.03309095705551124, 'c2': 0.7829373247345537, 'v_coeff': 0.6592551977109452}. Best is trial 15 with value: 1.005504036829561.
Trial 18 finished with value: 4.106972923762464 and parameters: {'omega': 0.18124773563608287, 'c1': 0.7922814024829772, 'c2': 0.7342416717928435, 'v_coeff': 0.18680043226270648}. Best is trial 15 with value: 1.005504036829561.
Trial 20 finished with value: 4.366895398075446 and parameters: {'omega': 0.5890853888683715, 'c1': 0.5584748593196728, 'c2': 0.9576763970248927, 'v_coeff': 0.6428828899505641}. Best is trial 15 with value: 1.005504036829561.
Trial 21 finished with value: 4.2692982372285755 and parameters: {'omega': 0.41794255064316177, 'c1': 0.4542112337280795, 'c2': 0.9784872874743905, 'v_coeff': 0.639378621631208}. Best is trial 15 with value: 1.005504036829561.
Trial 16 finished with value: 3.3722788342582923 and parameters: {'omega': 0.9510847824752215, 'c1': 0.9567070994014499, 'c2': 0.7123287031175709, 'v_coeff': 0.5385978342837867}. Best is trial 15 with value: 1.005504036829561.
Trial 19 finished with value: 3.6164924035462747 and parameters: {'omega': 0.3421138817059929, 'c1': 0.4412780470440073, 'c2': 0.29880584440852076, 'v_coeff': 0.07446036657296196}. Best is trial 15 with value: 1.005504036829561.
Trial 25 finished with value: 3.2332450667598094 and parameters: {'omega': 0.6858129664203807, 'c1': 0.15045486547192005, 'c2': 0.02450342374001666, 'v_coeff': 0.9980448359945412}. Best is trial 15 with value: 1.005504036829561.
Trial 24 finished with value: 3.309576162948918 and parameters: {'omega': 0.09977167743438242, 'c1': 0.3299304880629982, 'c2': 0.26768310083769287, 'v_coeff': 0.12053775003668132}. Best is trial 15 with value: 1.005504036829561.
Trial 22 finished with value: 3.856007565025137 and parameters: {'omega': 0.25926634882087507, 'c1': 0.9975493956574731, 'c2': 0.22015404615971945, 'v_coeff': 0.9265114928797308}. Best is trial 15 with value: 1.005504036829561.
Trial 26 finished with value: 6.7750668979083 and parameters: {'omega': 0.6511877007484084, 'c1': 0.30483347835868746, 'c2': 0.033791300817418046, 'v_coeff': 0.007111031445511062}. Best is trial 15 with value: 1.005504036829561.
Trial 27 finished with value: 2.810535828167415 and parameters: {'omega': 0.7250716461365365, 'c1': 0.2659767666066791, 'c2': 0.01890177337804061, 'v_coeff': 0.9963360767803264}. Best is trial 15 with value: 1.005504036829561.
Trial 23 finished with value: 3.7478064225735603 and parameters: {'omega': 0.22096444246509384, 'c1': 0.8990140266585522, 'c2': 0.27223510196236933, 'v_coeff': 0.9570291545870792}. Best is trial 15 with value: 1.005504036829561.
Trial 28 finished with value: 3.6451656739622633 and parameters: {'omega': 0.7564909507484091, 'c1': 0.28027862200784537, 'c2': 0.15538965822743359, 'v_coeff': 0.9895252243222722}. Best is trial 15 with value: 1.005504036829561.
Trial 29 finished with value: 3.7759273982933634 and parameters: {'omega': 0.7597833972890157, 'c1': 0.25414835420596654, 'c2': 0.1766573156146023, 'v_coeff': 0.9901197600193733}. Best is trial 15 with value: 1.005504036829561.
Trial 30 finished with value: 3.67332385861632 and parameters: {'omega': 0.7431332304899114, 'c1': 0.2147488600078229, 'c2': 0.11096454654970056, 'v_coeff': 0.9875461095068996}. Best is trial 15 with value: 1.005504036829561.
Trial 31 finished with value: 3.8584438040970133 and parameters: {'omega': 0.7471101470616769, 'c1': 0.2536780350934892, 'c2': 0.11632516986714547, 'v_coeff': 0.8088946114817199}. Best is trial 15 with value: 1.005504036829561.
Trial 34 finished with value: 1.2544638462849116 and parameters: {'omega': 0.7405611399090013, 'c1': 0.9921052583944171, 'c2': 0.0807294506143707, 'v_coeff': 0.8004106352702136}. Best is trial 15 with value: 1.005504036829561.
Trial 33 finished with value: 0.9458039064014245 and parameters: {'omega': 0.7078565989091182, 'c1': 0.9763077869785565, 'c2': 0.13506961404539003, 'v_coeff': 0.8534789392232064}. Best is trial 33 with value: 0.9458039064014245.
Trial 33 finished with best value: 0.9458039064014245 and parameters: {'omega': 0.7078565989091182, 'c1': 0.9763077869785565, 'c2': 0.13506961404539003, 'v_coeff': 0.8534789392232064}. 
Trial 32 finished with value: 1.6175146266255378 and parameters: {'omega': 0.7819785828359024, 'c1': 0.9835433510636902, 'c2': 0.1195084589375565, 'v_coeff': 0.7992625814274993}. Best is trial 33 with value: 0.9458039064014245.
Trial 35 finished with best value: 0.9217247735062012 and parameters: {'omega': 0.7414371801843135, 'c1': 0.9848931022805767, 'c2': 0.10414949496750452, 'v_coeff': 0.8037514056882363}. 
Trial 35 finished with value: 0.9217247735062012 and parameters: {'omega': 0.7414371801843135, 'c1': 0.9848931022805767, 'c2': 0.10414949496750452, 'v_coeff': 0.8037514056882363}. Best is trial 35 with value: 0.9217247735062012.
Trial 36 finished with value: 2.5403138220872203 and parameters: {'omega': 0.7208638370914913, 'c1': 0.3660439684066473, 'c2': 0.023312270695321043, 'v_coeff': 0.06557366415615934}. Best is trial 35 with value: 0.9217247735062012.
Trial 38 finished with value: 4.571778295077464 and parameters: {'omega': 0.834380483419024, 'c1': 0.3622657934666726, 'c2': 0.1266945393457982, 'v_coeff': 0.0012996514365957168}. Best is trial 35 with value: 0.9217247735062012.
Trial 39 finished with value: 1.4113155553076169 and parameters: {'omega': 0.8469755510925615, 'c1': 0.696998800883749, 'c2': 0.11789369461358956, 'v_coeff': 0.7849993871351589}. Best is trial 35 with value: 0.9217247735062012.
Trial 41 finished with value: 0.9792831458855379 and parameters: {'omega': 0.8418390495213666, 'c1': 0.6637733592817954, 'c2': 0.13177510777661727, 'v_coeff': 0.787519296204388}. Best is trial 35 with value: 0.9217247735062012.
Trial 42 finished with value: 2.3626007719558264 and parameters: {'omega': 0.8507306819660009, 'c1': 0.7247811753579423, 'c2': 0.14956844282144388, 'v_coeff': 0.7753843965165006}. Best is trial 35 with value: 0.9217247735062012.
Trial 37 finished with value: 3.5379931247781315 and parameters: {'omega': 0.7154308647266984, 'c1': 0.32371121954238513, 'c2': 0.0447554004288833, 'v_coeff': 0.7937944794410222}. Best is trial 35 with value: 0.9217247735062012.
Trial 44 finished with value: 0.8975730681139091 and parameters: {'omega': 0.8597379683305565, 'c1': 0.7017807199240713, 'c2': 0.10754750230655484, 'v_coeff': 0.8027321431934894}. Best is trial 44 with value: 0.8975730681139091.
Trial 44 finished with best value: 0.8975730681139091 and parameters: {'omega': 0.8597379683305565, 'c1': 0.7017807199240713, 'c2': 0.10754750230655484, 'v_coeff': 0.8027321431934894}. 
Trial 46 finished with value: 1.2557460176045723 and parameters: {'omega': 0.8482504396515125, 'c1': 0.37596620587209595, 'c2': 0.08061961569508791, 'v_coeff': 0.8289098416636342}. Best is trial 44 with value: 0.8975730681139091.
Trial 40 finished with value: 3.651905901531806 and parameters: {'omega': 0.830399239673757, 'c1': 0.6810483076405568, 'c2': 0.11902680700475554, 'v_coeff': 0.015697816220650473}. Best is trial 44 with value: 0.8975730681139091.
Trial 45 finished with value: 1.1597219793638804 and parameters: {'omega': 0.8367537962356234, 'c1': 0.696830691658743, 'c2': 0.08979594382662448, 'v_coeff': 0.7820642072305299}. Best is trial 44 with value: 0.8975730681139091.
Trial 43 finished with value: 1.0698207306333327 and parameters: {'omega': 0.8212111313489912, 'c1': 0.6922978784917185, 'c2': 0.12598748425403286, 'v_coeff': 0.40028102897173007}. Best is trial 44 with value: 0.8975730681139091.
Trial 47 finished with value: 1.293730340267069 and parameters: {'omega': 0.8531264839897044, 'c1': 0.38070113771954284, 'c2': 0.0203499970575273, 'v_coeff': 0.7821081065928124}. Best is trial 44 with value: 0.8975730681139091.
Trial 48 finished with value: 1.1940836241896566 and parameters: {'omega': 0.8669172913444939, 'c1': 0.6694971922253392, 'c2': 0.0828068909850273, 'v_coeff': 0.7545680333784968}. Best is trial 44 with value: 0.8975730681139091.
Trial 49 finished with value: 1.0824335876733626 and parameters: {'omega': 0.8335273783530095, 'c1': 0.7018959748436105, 'c2': 0.09279960238815843, 'v_coeff': 0.800354044252082}. Best is trial 44 with value: 0.8975730681139091.
Trial 50 finished with value: 1.3567612099835418 and parameters: {'omega': 0.8623034109797514, 'c1': 0.9919770797312675, 'c2': 0.0871983260492794, 'v_coeff': 0.7846331785854885}. Best is trial 44 with value: 0.8975730681139091.
Trial 51 finished with value: 1.2949983389814148 and parameters: {'omega': 0.868502896262202, 'c1': 0.9378663173505581, 'c2': 0.0700053783390092, 'v_coeff': 0.753669349271965}. Best is trial 44 with value: 0.8975730681139091.
Trial 58 finished with value: 1.628055180159317 and parameters: {'omega': 0.9478800608557391, 'c1': 0.611383236197054, 'c2': 0.07676001665228604, 'v_coeff': 0.875666681330904}. Best is trial 44 with value: 0.8975730681139091.
Trial 53 finished with value: 1.7508006013838882 and parameters: {'omega': 0.8837296802519183, 'c1': 0.9356812387162122, 'c2': 0.07092268228048176, 'v_coeff': 0.883041038834324}. Best is trial 44 with value: 0.8975730681139091.
Trial 52 finished with value: 0.992616548409431 and parameters: {'omega': 0.8514699907357235, 'c1': 0.9430371965989156, 'c2': 0.08293243162921782, 'v_coeff': 0.8809328535379065}. Best is trial 44 with value: 0.8975730681139091.
Trial 54 finished with value: 2.0940279052867004 and parameters: {'omega': 0.9043192069024295, 'c1': 0.9468898679389522, 'c2': 0.2074686932032042, 'v_coeff': 0.8621877897520092}. Best is trial 44 with value: 0.8975730681139091.
Trial 55 finished with value: 2.003205108149686 and parameters: {'omega': 0.9129284159881577, 'c1': 0.6288334543620674, 'c2': 0.18985149143050478, 'v_coeff': 0.8690843675235033}. Best is trial 44 with value: 0.8975730681139091.
Trial 59 finished with value: 1.3084346326533673 and parameters: {'omega': 0.8924989619298576, 'c1': 0.6424077238990029, 'c2': 0.19131418973341954, 'v_coeff': 0.8845009302585416}. Best is trial 44 with value: 0.8975730681139091.
Trial 56 finished with value: 1.1961547159625692 and parameters: {'omega': 0.8811133738936056, 'c1': 0.9426640766257405, 'c2': 0.07028369751011333, 'v_coeff': 0.8749450127278737}. Best is trial 44 with value: 0.8975730681139091.
Trial 61 finished with value: 1.910569148474637 and parameters: {'omega': 0.919530018051184, 'c1': 0.6216068069944375, 'c2': 0.2013967552280787, 'v_coeff': 0.8876362360374277}. Best is trial 44 with value: 0.8975730681139091.
Trial 63 finished with value: 2.1924917711040623 and parameters: {'omega': 0.9453288774367101, 'c1': 0.8541237849392067, 'c2': 0.19699171435410423, 'v_coeff': 0.8814345027761384}. Best is trial 44 with value: 0.8975730681139091.
Trial 57 finished with value: 2.081783590547023 and parameters: {'omega': 0.9072424262077514, 'c1': 0.944920129825821, 'c2': 0.19047036460190422, 'v_coeff': 0.8800148130918133}. Best is trial 44 with value: 0.8975730681139091.
Trial 60 finished with value: 3.0985180939400276 and parameters: {'omega': 0.9189088692591421, 'c1': 0.6173775198067679, 'c2': 0.2034311065522685, 'v_coeff': 0.8880357342589293}. Best is trial 44 with value: 0.8975730681139091.
Trial 62 finished with value: 1.7435950375879523 and parameters: {'omega': 0.9049049377473836, 'c1': 0.6124098596774274, 'c2': 0.1965790154644887, 'v_coeff': 0.8873205579483635}. Best is trial 44 with value: 0.8975730681139091.
Trial 64 finished with value: 1.4751593083381325 and parameters: {'omega': 0.9142870966737597, 'c1': 0.6089410331798524, 'c2': 0.20981869741496184, 'v_coeff': 0.8720000482278254}. Best is trial 44 with value: 0.8975730681139091.
Trial 65 finished with value: 1.632677075316704 and parameters: {'omega': 0.9346293782957301, 'c1': 0.9437372922056116, 'c2': 0.2148800859554003, 'v_coeff': 0.880226005176941}. Best is trial 44 with value: 0.8975730681139091.
Trial 67 finished with value: 1.44371212983873 and parameters: {'omega': 0.9210072866333493, 'c1': 0.5982859802568159, 'c2': 0.1961900889714282, 'v_coeff': 0.8638155912689855}. Best is trial 44 with value: 0.8975730681139091.
Trial 66 finished with value: 1.0621522749669348 and parameters: {'omega': 0.9052725812232528, 'c1': 0.5849938795046901, 'c2': 0.18928534316040557, 'v_coeff': 0.8720174165880362}. Best is trial 44 with value: 0.8975730681139091.
Trial 68 finished with value: 2.0471987375239897 and parameters: {'omega': 0.9078275626878495, 'c1': 0.7957158184535856, 'c2': 0.19566614781661085, 'v_coeff': 0.8951427716447562}. Best is trial 44 with value: 0.8975730681139091.
Trial 69 finished with value: 2.5386320903344908 and parameters: {'omega': 0.9165173336689092, 'c1': 0.8244063409103694, 'c2': 0.21690223130188746, 'v_coeff': 0.848588271325874}. Best is trial 44 with value: 0.8975730681139091.
Trial 73 finished with value: 3.2438941160568 and parameters: {'omega': 0.9990170092239246, 'c1': 0.8611099498958396, 'c2': 0.0005644531478153497, 'v_coeff': 0.7161223642256284}. Best is trial 44 with value: 0.8975730681139091.
Trial 75 finished with value: 3.768242486621176 and parameters: {'omega': 0.9883609481010427, 'c1': 0.863577188614151, 'c2': 0.24061913345224195, 'v_coeff': 0.9280700986769567}. Best is trial 44 with value: 0.8975730681139091.
Trial 72 finished with value: 2.354503420049638 and parameters: {'omega': 0.9764872124795901, 'c1': 0.8644222859702535, 'c2': 0.2349803762783189, 'v_coeff': 0.8894962317493874}. Best is trial 44 with value: 0.8975730681139091.
Trial 71 finished with value: 1.9052113489703517 and parameters: {'omega': 0.9286188108567408, 'c1': 0.8624484674271475, 'c2': 0.18982982077354907, 'v_coeff': 0.9111108508736505}. Best is trial 44 with value: 0.8975730681139091.
Trial 74 finished with value: 1.7250433571385262 and parameters: {'omega': 0.9975593620218646, 'c1': 0.8463001553064248, 'c2': 0.23332613610224673, 'v_coeff': 0.9138201150852158}. Best is trial 44 with value: 0.8975730681139091.
Trial 76 finished with value: 2.029764949660724 and parameters: {'omega': 0.7949557592413947, 'c1': 0.7984012947019656, 'c2': 0.23064019187886975, 'v_coeff': 0.9314292052340926}. Best is trial 44 with value: 0.8975730681139091.
Trial 70 finished with value: 1.1757224749491453 and parameters: {'omega': 0.916904783505587, 'c1': 0.8695578513808426, 'c2': 0.19835255798050494, 'v_coeff': 0.8529723024960821}. Best is trial 44 with value: 0.8975730681139091.
Trial 77 finished with value: 1.3009486252066769 and parameters: {'omega': 0.7990525246824495, 'c1': 0.7943393401086439, 'c2': 0.1536260717686526, 'v_coeff': 0.922073360685177}. Best is trial 44 with value: 0.8975730681139091.
Trial 78 finished with value: 0.8358822776113838 and parameters: {'omega': 0.7909951364827494, 'c1': 0.8052852569244322, 'c2': 0.16440400510230335, 'v_coeff': 0.9208573516422159}. Best is trial 78 with value: 0.8358822776113838.
Trial 78 finished with best value: 0.8358822776113838 and parameters: {'omega': 0.7909951364827494, 'c1': 0.8052852569244322, 'c2': 0.16440400510230335, 'v_coeff': 0.9208573516422159}. 
Trial 79 finished with value: 0.9282543551539987 and parameters: {'omega': 0.7910477785192356, 'c1': 0.7952000464060808, 'c2': 0.004197818607251463, 'v_coeff': 0.9283264405601371}. Best is trial 78 with value: 0.8358822776113838.
Trial 80 finished with best value: 0.8045408142405254 and parameters: {'omega': 0.7961638722823766, 'c1': 0.7969186583569925, 'c2': 0.000673165179724794, 'v_coeff': 0.9285390833010904}. 
Trial 80 finished with value: 0.8045408142405254 and parameters: {'omega': 0.7961638722823766, 'c1': 0.7969186583569925, 'c2': 0.000673165179724794, 'v_coeff': 0.9285390833010904}. Best is trial 80 with value: 0.8045408142405254.
Trial 82 finished with value: 1.7765313872171031 and parameters: {'omega': 0.7928385255416247, 'c1': 0.7985623302314796, 'c2': 0.24276412889900167, 'v_coeff': 0.9270022773068113}. Best is trial 80 with value: 0.8045408142405254.
Trial 81 finished with value: 1.3571591829834062 and parameters: {'omega': 0.786042851145138, 'c1': 0.8012306212459487, 'c2': 0.15825440784794376, 'v_coeff': 0.9289388874200708}. Best is trial 80 with value: 0.8045408142405254.
Trial 83 finished with value: 2.095360399638453 and parameters: {'omega': 0.9975824965477292, 'c1': 0.5466276004668512, 'c2': 0.15905015995987506, 'v_coeff': 0.7258103872975659}. Best is trial 80 with value: 0.8045408142405254.
Trial 84 finished with value: 1.2777784628301891 and parameters: {'omega': 0.9870580079011251, 'c1': 0.8718023162800899, 'c2': 0.1550298236736884, 'v_coeff': 0.9280440530300794}. Best is trial 80 with value: 0.8045408142405254.
Trial 86 finished with value: 3.0464411087143706 and parameters: {'omega': 0.8020032808693629, 'c1': 0.5652681301926494, 'c2': 0.15266758065961633, 'v_coeff': 0.9161985299644312}. Best is trial 80 with value: 0.8045408142405254.
