Trial 87 finished with value: 1.0254621023859967 and parameters: {'omega': 0.7923723697877686, 'c1': 0.5527639080379276, 'c2': 0.04526470545132721, 'v_coeff': 0.9559914352752299}. Best is trial 80 with value: 0.8045408142405254.
Trial 85 finished with value: 4.021043980871468 and parameters: {'omega': 0.9820481030007008, 'c1': 0.5481792383117949, 'c2': 0.251673411779835, 'v_coeff': 0.94766044103868}. Best is trial 80 with value: 0.8045408142405254.
Trial 91 finished with value: 2.363070479029828 and parameters: {'omega': 0.7874198673427159, 'c1': 0.5478735758333295, 'c2': 0.1347002292142353, 'v_coeff': 0.8339053837285944}. Best is trial 80 with value: 0.8045408142405254.
Trial 89 finished with value: 1.3799824748071197 and parameters: {'omega': 0.7814919258203927, 'c1': 0.5288240351825214, 'c2': 0.16633947894924658, 'v_coeff': 0.9568944524574798}. Best is trial 80 with value: 0.8045408142405254.
Trial 88 finished with value: 1.3219923169018069 and parameters: {'omega': 0.8168361908487788, 'c1': 0.5545432691918843, 'c2': 0.1399596005583389, 'v_coeff': 0.951871025430907}. Best is trial 80 with value: 0.8045408142405254.
Trial 90 finished with best value: 0.7769814786944126 and parameters: {'omega': 0.788671948489564, 'c1': 0.7496454203262497, 'c2': 0.15365220340080202, 'v_coeff': 0.9517771118645584}. 
Trial 90 finished with value: 0.7769814786944126 and parameters: {'omega': 0.788671948489564, 'c1': 0.7496454203262497, 'c2': 0.15365220340080202, 'v_coeff': 0.9517771118645584}. Best is trial 90 with value: 0.7769814786944126.
Trial 92 finished with value: 1.8461234262098687 and parameters: {'omega': 0.8061101430551796, 'c1': 0.7399646677703904, 'c2': 0.14356569320644452, 'v_coeff': 0.8190593017509535}. Best is trial 90 with value: 0.7769814786944126.
Trial 93 finished with value: 0.9846590500959403 and parameters: {'omega': 0.7934266678592615, 'c1': 0.5453572862169426, 'c2': 0.050114312568672256, 'v_coeff': 0.8291541536267664}. Best is trial 90 with value: 0.7769814786944126.
Trial 94 finished with value: 1.6252452268035462 and parameters: {'omega': 0.772019070873843, 'c1': 0.7484154005232447, 'c2': 0.14678078743776324, 'v_coeff': 0.9524299500048014}. Best is trial 90 with value: 0.7769814786944126.
Trial 96 finished with value: 0.8669570486875839 and parameters: {'omega': 0.7803986934821506, 'c1': 0.9059654746479974, 'c2': 0.044429187944077006, 'v_coeff': 0.9604566072386631}. Best is trial 90 with value: 0.7769814786944126.
Trial 95 finished with value: 0.858987807344414 and parameters: {'omega': 0.780461874554266, 'c1': 0.9130056086887718, 'c2': 0.05132223916036435, 'v_coeff': 0.9578293624936266}. Best is trial 90 with value: 0.7769814786944126.
Trial 97 finished with value: 1.5757811200382823 and parameters: {'omega': 0.7713506365054505, 'c1': 0.7455004198229295, 'c2': 0.052076693210747316, 'v_coeff': 0.9598971784756813}. Best is trial 90 with value: 0.7769814786944126.
Trial 98 finished with value: 1.2055157700602284 and parameters: {'omega': 0.8118142610409687, 'c1': 0.888849790892782, 'c2': 0.03961534067836315, 'v_coeff': 0.9605999088199423}. Best is trial 90 with value: 0.7769814786944126.
Trial 99 finished with value: 1.1626784380660395 and parameters: {'omega': 0.7703369987853026, 'c1': 0.7512110522063685, 'c2': 0.05066766605215815, 'v_coeff': 0.9641400525006059}. Best is trial 90 with value: 0.7769814786944126.
best params:  {'omega': 0.788671948489564, 'c1': 0.7496454203262497, 'c2': 0.15365220340080202, 'v_coeff': 0.9517771118645584} best value:  0.7769814786944126
--------------------------Finish MOPSO optimization--------------------------